["0", "", ""]	222
["00", "", ""]	54
["000", "", ""]	3
["00in", "", ""]	21
["00in", "21", ""]	4
["00in", "21", "137"]	4
["00in", "48", ""]	4
["00in", "48", "187"]	4
["00in", "54", ""]	3
["00in", "54", "029"]	3
["00", "05", ""]	3
["00", "06", ""]	13
["00", "06", "057"]	12
["00", "13", ""]	3
["00", "13", "009"]	3
["00", "25", ""]	6
["00", "25", "017"]	6
["00", "36", ""]	4
["01", "", ""]	6
["03", "", ""]	21
["03", "12", ""]	3
["04", "", ""]	18
["04", "11", ""]	4
["04", "11", "001"]	4
["04", "48", ""]	4
["04", "48", "121"]	4
["05", "", ""]	13
["05", "12", ""]	7
["05", "12", "095"]	7
["08", "", ""]	8
["08", "37", ""]	5
["08", "37", "101"]	5
["0kts", "", ""]	3
["0kts", "54", ""]	3
["0kts", "54", "029"]	3
["0mph", "", ""]	6
["0", "01", ""]	3
["0", "05", ""]	5
["0", "05", "051"]	3
["0", "06", ""]	35
["0", "06", "057"]	31
["0", "06", "065"]	3
["0", "10", ""]	7
["0", "10", "003"]	7
["0", "12", ""]	14
["0", "12", "057"]	3
["0", "12", "087"]	5
["0", "12", "107"]	3
["0", "12", "127"]	3
["0", "13", ""]	9
["0", "13", "009"]	9
["0", "18", ""]	5
["0", "18", "177"]	3
["0", "21", ""]	8
["0", "21", "137"]	5
["0", "21", "185"]	3
["0", "23", ""]	6
["0", "23", "001"]	3
["0", "23", "015"]	3
["0", "24", ""]	4
["0", "24", "017"]	4
["0", "25", ""]	13
["0", "25", "017"]	13
["0", "28", ""]	13
["0", "28", "037"]	4
["0", "28", "045"]	5
["0", "28", "067"]	4
["0", "29", ""]	5
["0", "29", "189"]	5
["0", "31", ""]	3
["0", "31", "109"]	3
["0", "34", ""]	6
["0", "34", "025"]	6
["0", "36", ""]	4
["0", "36", "103"]	3
["0", "37", ""]	24
["0", "37", "101"]	24
["0", "39", ""]	7
["0", "39", "011"]	3
["0", "39", "099"]	4
["0", "41", ""]	6
["0", "41", "067"]	4
["0", "48", ""]	11
["0", "48", "139"]	4
["0", "48", "187"]	7
["0", "49", ""]	3
["0", "49", "011"]	3
["0", "50", ""]	3
["0", "50", "007"]	3
["0", "51", ""]	8
["0", "51", "185"]	8
["0", "54", ""]	6
["0", "54", "029"]	6
["0", "55", ""]	4
["0", "55", "127"]	3
["1", "", ""]	75
["10", "", ""]	16
["100", "", ""]	4
["1011", "", ""]	5
["1011", "22", ""]	5
["1011", "22", "113"]	5
["106", "", ""]	3
["10SM", "", ""]	3
["10SM", "06", ""]	3
["10", "11", ""]	3
["10", "11", "001"]	3
["10", "41", ""]	4
["10", "41", "041"]	4
["11", "", ""]	9
["12", "", ""]	8
["13", "", ""]	5
["14", "", ""]	5
["14", "06", ""]	3
["15", "", ""]	9
["15", "11", ""]	3
["15", "11", "001"]	3
["16", "", ""]	19
["16", "06", ""]	11
["16", "06", "037"]	3
["16", "06", "097"]	4
["1F", "", ""]	3
["1mph", "", ""]	6
["1st", "", ""]	5
["1st", "11", ""]	4
["1st", "11", "001"]	4
["1", "06", ""]	15
["1", "06", "057"]	5
["1", "06", "065"]	3
["1", "06", "071"]	4
["1", "11", ""]	5
["1", "11", "001"]	5
["1", "12", ""]	9
["1", "12", "087"]	3
["1", "12", "107"]	5
["1", "21", ""]	6
["1", "21", "137"]	6
["1", "28", ""]	4
["1", "28", "045"]	3
["1", "32", ""]	3
["1", "36", ""]	3
["1", "48", ""]	6
["1", "48", "187"]	4
["1", "55", ""]	4
["1", "55", "127"]	3
["2", "", ""]	67
["20", "", ""]	6
["2000", "", ""]	3
["2015", "", ""]	3
["2016", "", ""]	43
["2016", "04", ""]	3
["2016", "06", ""]	5
["2016", "06", "037"]	5
["2016", "11", ""]	6
["2016", "11", "001"]	6
["2016", "12", ""]	7
["2016", "21", ""]	4
["2016", "21", "137"]	4
["2016", "36", ""]	3
["2016", "48", ""]	3
["24", "", ""]	6
["24HrRn", "", ""]	8
["24HrRn", "37", ""]	8
["24HrRn", "37", "101"]	8
["25", "", ""]	19
["25", "37", ""]	16
["25", "37", "101"]	16
["26", "", ""]	22
["26", "06", ""]	3
["26", "42", ""]	3
["26", "48", ""]	3
["27", "", ""]	46
["27", "06", ""]	6
["27", "11", ""]	6
["27", "11", "001"]	6
["27", "12", ""]	12
["27", "12", "095"]	10
["27", "25", ""]	3
["27", "25", "017"]	3
["28", "", ""]	9
["28", "54", ""]	6
["28", "54", "029"]	6
["29", "", ""]	33
["29", "06", ""]	12
["29", "06", "057"]	12
["29", "25", ""]	3
["29", "25", "017"]	3
["29", "28", ""]	3
["29", "48", ""]	5
["29", "48", "187"]	4
["29", "55", ""]	3
["2km", "", ""]	4
["2km", "06", ""]	4
["2mph", "", ""]	6
["2mph", "25", ""]	3
["2mph", "25", "017"]	3
["2", "06", ""]	7
["2", "11", ""]	3
["2", "11", "001"]	3
["2", "12", ""]	6
["2", "25", ""]	4
["2", "25", "017"]	4
["2", "37", ""]	6
["2", "37", "101"]	5
["2", "48", ""]	11
["2", "55", ""]	3
["3", "", ""]	101
["30", "", ""]	50
["30inHg", "", ""]	8
["30inHg", "37", ""]	8
["30inHg", "37", "101"]	8
["30", "06", ""]	6
["30", "11", ""]	4
["30", "11", "001"]	4
["30", "21", ""]	5
["30", "21", "137"]	4
["30", "25", ""]	9
["30", "25", "017"]	9
["31", "", ""]	6
["31", "25", ""]	3
["31", "25", "017"]	3
["32", "", ""]	3
["32822", "", ""]	3
["32822", "12", ""]	3
["32822", "12", "095"]	3
["34", "", ""]	3
["35", "", ""]	4
["36", "", ""]	9
["37", "", ""]	7
["38", "", ""]	4
["39", "", ""]	3
["3", "05", ""]	3
["3", "06", ""]	13
["3", "06", "037"]	3
["3", "06", "057"]	3
["3", "06", "071"]	3
["3", "10", ""]	3
["3", "10", "003"]	3
["3", "11", ""]	9
["3", "11", "001"]	9
["3", "12", ""]	11
["3", "12", "095"]	9
["3", "25", ""]	8
["3", "25", "017"]	8
["3", "28", ""]	3
["3", "29", ""]	3
["3", "29", "095"]	3
["3", "34", ""]	3
["3", "34", "013"]	3
["3", "36", ""]	4
["3", "36", "061"]	4
["3", "37", ""]	6
["3", "37", "101"]	5
["3", "41", ""]	5
["3", "41", "041"]	5
["3", "44", ""]	3
["3", "44", "001"]	3
["3", "48", ""]	7
["3", "48", "187"]	3
["4", "", ""]	60
["41", "", ""]	8
["45", "", ""]	6
["47", "", ""]	3
["48", "", ""]	6
["49", "", ""]	6
["49", "06", ""]	3
["4am", "", ""]	3
["4", "06", ""]	3
["4", "11", ""]	3
["4", "11", "001"]	3
["4", "18", ""]	4
["4", "18", "119"]	3
["4", "28", ""]	3
["4", "36", ""]	3
["4", "37", ""]	6
["4", "37", "101"]	6
["4", "41", ""]	5
["4", "41", "041"]	5
["4", "42", ""]	3
["4", "48", ""]	6
["4", "55", ""]	3
["5", "", ""]	51
["50", "", ""]	11
["50", "06", ""]	4
["51", "", ""]	9
["51", "06", ""]	7
["51", "06", "057"]	7
["52", "", ""]	3
["53", "", ""]	10
["53", "06", ""]	8
["53", "06", "033"]	4
["54F", "", ""]	16
["54F", "37", ""]	16
["54F", "37", "101"]	16
["55", "", ""]	3
["56", "", ""]	5
["56", "21", ""]	4
["56", "21", "137"]	4
["57", "", ""]	6
["57", "06", ""]	5
["57", "06", "057"]	5
["58", "", ""]	4
["59", "", ""]	3
["5", "06", ""]	8
["5", "10", ""]	3
["5", "10", "003"]	3
["5", "11", ""]	4
["5", "11", "001"]	4
["5", "32", ""]	3
["5", "37", ""]	8
["5", "37", "101"]	8
["5", "48", ""]	5
["5", "53", ""]	3
["6", "", ""]	47
["60", "", ""]	5
["61", "", ""]	5
["63", "", ""]	6
["63", "48", ""]	5
["63", "48", "187"]	4
["64", "", ""]	4
["65", "", ""]	14
["65", "22", ""]	10
["65", "22", "113"]	10
["66", "", ""]	6
["6AM", "", ""]	3
["6AM", "25", ""]	3
["6F", "", ""]	8
["6F", "54", ""]	4
["6F", "54", "029"]	4
["6", "06", ""]	6
["6", "11", ""]	4
["6", "11", "001"]	4
["6", "22", ""]	4
["6", "22", "113"]	4
["6", "24", ""]	3
["6", "24", "017"]	3
["6", "25", ""]	3
["6", "25", "017"]	3
["6", "32", ""]	4
["6", "41", ""]	4
["6", "41", "041"]	4
["7", "", ""]	36
["70", "", ""]	4
["702", "", ""]	4
["702", "32", ""]	3
["702", "32", "003"]	3
["75yzNJjEvP", "", ""]	6
["75yzNJjEvP", "22", ""]	6
["75yzNJjEvP", "22", "113"]	6
["7", "06", ""]	5
["7", "11", ""]	4
["7", "11", "001"]	4
["7", "12", ""]	7
["7", "12", "086"]	3
["7", "12", "095"]	3
["7", "41", ""]	5
["7", "41", "041"]	5
["8", "", ""]	33
["87", "", ""]	3
["88", "", ""]	5
["88", "34", ""]	3
["88", "34", "013"]	3
["89", "", ""]	9
["89", "20", ""]	5
["89", "20", "075"]	5
["8mb", "", ""]	3
["8", "06", ""]	8
["8", "06", "057"]	3
["8", "11", ""]	3
["8", "11", "001"]	3
["8", "23", ""]	3
["8", "32", ""]	3
["9", "", ""]	28
["95", "", ""]	6
["95", "25", ""]	3
["95", "25", "017"]	3
["96", "", ""]	3
["97", "", ""]	3
["98", "", ""]	10
["983", "", ""]	5
["983", "06", ""]	5
["983", "06", "057"]	5
["98", "22", ""]	6
["98", "22", "113"]	6
["98", "48", ""]	4
["98", "48", "187"]	4
["99", "", ""]	16
["99", "37", ""]	8
["99", "37", "101"]	8
["99", "54", ""]	3
["99", "54", "029"]	3
["9F", "", ""]	10
["9F", "22", ""]	10
["9F", "22", "113"]	10
["9mph", "", ""]	3
["9mph", "22", ""]	3
["9mph", "22", "113"]	3
["9", "06", ""]	5
["9", "11", ""]	3
["9", "11", "001"]	3
["9", "23", ""]	3
["9", "23", "015"]	3
["A", "", ""]	35
["AIDS", "", ""]	10
["AIDS", "12", ""]	10
["AIDS", "12", "086"]	10
["AM", "", ""]	13
["AM", "48", ""]	3
["AND", "", ""]	3
["AO2", "", ""]	4
["AO2", "06", ""]	4
["AZ", "", ""]	7
["AZ", "04", ""]	7
["AZ", "04", "013"]	5
["Accessory", "", ""]	4
["Accessory", "39", ""]	4
["Accessory", "39", "049"]	4
["Accident", "", ""]	6
["After", "", ""]	6
["After", "06", ""]	5
["After", "06", "037"]	5
["Against", "", ""]	3
["Against", "12", ""]	3
["Against", "12", "086"]	3
["Air", "", ""]	7
["Airport", "", ""]	13
["Air", "37", ""]	5
["Air", "37", "101"]	5
["Ale", "", ""]	3
["Alert", "", ""]	13
["Alert", "11", ""]	8
["Alert", "11", "001"]	8
["All", "", ""]	6
["Always", "", ""]	3
["America", "", ""]	3
["An", "", ""]	3
["Analysts", "", ""]	4
["Analysts", "06", ""]	4
["Analysts", "06", "037"]	4
["And", "", ""]	7
["Android", "", ""]	3
["And", "06", ""]	4
["Angeles", "", ""]	17
["Angeles", "06", ""]	17
["Angeles", "06", "037"]	16
["Another", "", ""]	5
["Are", "", ""]	8
["Are", "06", ""]	5
["Are", "06", "037"]	5
["Arizona", "", ""]	3
["Arizona", "04", ""]	3
["Arkansas", "", ""]	3
["Arkansas", "05", ""]	3
["Arlington", "", ""]	3
["Assistant", "", ""]	7
["Assistant", "48", ""]	3
["Associate", "", ""]	21
["Associate", "12", ""]	12
["Associate", "12", "031"]	4
["Associate", "12", "057"]	3
["Associate", "22", ""]	5
["At", "", ""]	10
["Atlanta", "", ""]	9
["Atlanta", "13", ""]	8
["Atlanta", "13", "121"]	5
["Austin", "", ""]	5
["Austin", "48", ""]	5
["Austin", "48", "453"]	5
["Ave", "", ""]	5
["Avenue", "", ""]	7
["Avenue", "06", ""]	3
["Avenue", "06", "037"]	3
["Avenue", "17", ""]	3
["Avenue", "17", "031"]	3
["A", "06", ""]	4
["A", "17", ""]	4
["A", "18", ""]	3
["A", "18", "109"]	3
["A", "51", ""]	4
["A", "51", "630"]	3
["A", "55", ""]	4
["A", "55", "133"]	3
["B", "", ""]	4
["BAR", "", ""]	3
["BAR", "25", ""]	3
["BAR", "25", "017"]	3
["BP", "", ""]	8
["BP", "37", ""]	8
["BP", "37", "101"]	8
["Bakery", "", ""]	4
["Baltimore", "", ""]	7
["Baltimore", "24", ""]	6
["Baltimore", "24", "510"]	4
["Bar", "", ""]	14
["Baro", "", ""]	6
["Barometer", "", ""]	40
["Barometer", "06", ""]	13
["Barometer", "06", "057"]	12
["Barometer", "48", ""]	5
["Barometer", "48", "187"]	4
["Baro", "54", ""]	3
["Baro", "54", "029"]	3
["Bar", "06", ""]	4
["Bar", "06", "037"]	3
["Bar", "32", ""]	3
["Bar", "32", "003"]	3
["Batman", "", ""]	5
["Batman", "06", ""]	4
["Batman", "06", "065"]	3
["Be", "", ""]	5
["Beach", "", ""]	7
["Beach", "12", ""]	3
["Bear", "", ""]	4
["Bearish", "", ""]	4
["Bearish", "06", ""]	4
["Bearish", "06", "037"]	4
["BeerMenus", "", ""]	10
["BeerMenus", "39", ""]	9
["BeerMenus", "39", "035"]	9
["Big", "", ""]	4
["Birthday", "", ""]	3
["Birthday", "06", ""]	3
["Bistro", "", ""]	3
["Black", "", ""]	3
["Blossom", "", ""]	3
["Blossom", "12", ""]	3
["Blossom", "12", "095"]	3
["Blvd", "", ""]	5
["Blvd", "12", ""]	3
["Boston", "", ""]	5
["Box", "", ""]	3
["Box", "36", ""]	3
["Brandon", "", ""]	3
["Break", "", ""]	3
["Breeze", "", ""]	3
["Breeze", "37", ""]	3
["Breeze", "37", "101"]	3
["Bridge", "", ""]	3
["Brooklyn", "", ""]	7
["Brooklyn", "36", ""]	5
["Brooklyn", "36", "047"]	4
["Bunny", "", ""]	3
["Burlington", "", ""]	9
["Burlington", "25", ""]	8
["Burlington", "25", "017"]	8
["Business", "", ""]	4
["But", "", ""]	3
["C", "", ""]	6
["CA", "", ""]	31
["CA", "06", ""]	31
["CA", "06", "037"]	10
["CA", "06", "059"]	3
["CA", "06", "065"]	3
["CA", "06", "071"]	5
["CA", "06", "075"]	5
["CDT", "", ""]	8
["CDT", "11", ""]	6
["CDT", "11", "001"]	6
["CLUB", "", ""]	3
["CNA", "", ""]	3
["COME", "", ""]	4
["COME", "39", ""]	4
["COME", "39", "049"]	4
["Cafe", "", ""]	4
["Cafe", "06", ""]	3
["Cafe", "06", "037"]	3
["California", "", ""]	26
["California", "06", ""]	26
["California", "06", "037"]	7
["California", "06", "071"]	3
["California", "06", "075"]	4
["Can", "", ""]	32
["Canyon", "", ""]	9
["Canyon", "04", ""]	9
["Canyon", "04", "015"]	8
["Can", "06", ""]	3
["Can", "06", "075"]	3
["Can", "12", ""]	7
["Can", "25", ""]	4
["Can", "25", "017"]	4
["Can", "37", ""]	3
["Can", "48", ""]	3
["Care", "", ""]	8
["Carhop", "", ""]	6
["Carolina", "", ""]	4
["CarolinaWx", "", ""]	8
["CarolinaWx", "37", ""]	8
["CarolinaWx", "37", "101"]	8
["Carribean", "", ""]	3
["Carribean", "12", ""]	3
["Carribean", "12", "097"]	3
["Casa", "", ""]	3
["Case", "", ""]	6
["Case", "12", ""]	5
["Case", "12", "095"]	5
["Casino", "", ""]	6
["Casino", "32", ""]	3
["Casino", "32", "003"]	3
["Center", "", ""]	18
["Center", "06", ""]	8
["Center", "06", "037"]	4
["Charleston", "", ""]	3
["Charlotte", "", ""]	4
["Charlotte", "37", ""]	4
["Charlotte", "37", "119"]	4
["Cheese", "", ""]	3
["Chicago", "", ""]	12
["Chicago", "17", ""]	11
["Chicago", "17", "031"]	11
["Chicken", "", ""]	6
["Chicken", "17", ""]	4
["Chicken", "17", "031"]	4
["Chill", "", ""]	3
["Christ", "", ""]	6
["Church", "", ""]	10
["Church", "12", ""]	4
["City", "", ""]	14
["City", "06", ""]	4
["City", "06", "037"]	3
["City", "29", ""]	3
["City", "29", "095"]	3
["City", "48", ""]	3
["ClaytonNC", "", ""]	8
["ClaytonNC", "37", ""]	8
["ClaytonNC", "37", "101"]	8
["Click", "", ""]	17
["Click", "48", ""]	5
["Club", "", ""]	16
["Club", "36", ""]	5
["Club", "48", ""]	3
["Co", "", ""]	9
["Coast", "", ""]	3
["CobusGomes", "", ""]	4
["CobusGomes", "36", ""]	4
["CobusGomes", "36", "103"]	4
["Coffee", "", ""]	4
["College", "", ""]	4
["Come", "", ""]	4
["CommercialAlarm", "", ""]	3
["CommercialAlarm", "12", ""]	3
["CommercialAlarm", "12", "095"]	3
["Con", "", ""]	4
["Cook", "", ""]	11
["Cook", "06", ""]	3
["County", "", ""]	4
["Cover", "", ""]	3
["Cover", "12", ""]	3
["Cover", "12", "095"]	3
["Co", "55", ""]	3
["Crazy", "", ""]	3
["Crazy", "06", ""]	3
["Crazy", "06", "037"]	3
["Creek", "", ""]	7
["Creek", "06", ""]	4
["Creek", "06", "071"]	3
["Crew", "", ""]	10
["Crew", "48", ""]	4
["Cross", "", ""]	3
["Cross", "27", ""]	3
["Cross", "27", "053"]	3
["Crust", "", ""]	4
["Cucamonga", "", ""]	3
["Cucamonga", "06", ""]	3
["Cucamonga", "06", "071"]	3
["C", "54", ""]	3
["C", "54", "029"]	3
["D", "", ""]	8
["DC", "", ""]	4
["DC", "11", ""]	3
["DC", "11", "001"]	3
["DP", "", ""]	3
["DP", "25", ""]	3
["DP", "25", "017"]	3
["Dallas", "", ""]	4
["Dallas", "48", ""]	4
["Dallas", "48", "113"]	4
["Dawg", "", ""]	3
["Dawg", "36", ""]	3
["Dawg", "36", "081"]	3
["Days", "", ""]	4
["De", "", ""]	4
["DealsofDay", "", ""]	10
["DealsofDay", "12", ""]	10
["DealsofDay", "12", "095"]	10
["Degree", "", ""]	4
["Degree", "48", ""]	4
["Degree", "48", "113"]	4
["Delivery", "", ""]	3
["Delta", "", ""]	5
["Delta", "34", ""]	5
["Delta", "34", "013"]	5
["Denver", "", ""]	4
["Denver", "08", ""]	3
["Denver", "08", "031"]	3
["Design", "", ""]	5
["Design", "36", ""]	4
["Design", "36", "061"]	4
["Detroit", "", ""]	3
["Detroit", "26", ""]	3
["Detroit", "26", "163"]	3
["Dew", "", ""]	5
["Did", "", ""]	7
["Dinner", "", ""]	3
["Dir", "", ""]	4
["Dir", "25", ""]	3
["Dir", "25", "017"]	3
["Dixie", "", ""]	15
["Dixie", "12", ""]	11
["Dixie", "12", "031"]	4
["Dixie", "22", ""]	3
["Do", "", ""]	3
["Domination", "", ""]	4
["Domination", "36", ""]	4
["Domination", "36", "061"]	4
["Download", "", ""]	3
["Downtown", "", ""]	5
["Downtown", "06", ""]	3
["Downtown", "06", "037"]	3
["Dp", "", ""]	8
["Dp", "37", ""]	8
["Dp", "37", "101"]	8
["Dr", "", ""]	10
["Drinking", "", ""]	16
["Drinking", "41", ""]	12
["Drinking", "41", "051"]	12
["Drive", "", ""]	12
["Driver", "", ""]	3
["Drugs", "", ""]	3
["Drugs", "12", ""]	3
["Drugs", "12", "086"]	3
["Dr", "06", ""]	3
["Dr", "06", "037"]	3
["Dr", "12", ""]	3
["Dr", "12", "095"]	3
["Dr", "48", ""]	3
["D", "51", ""]	4
["D", "51", "630"]	3
["E", "", ""]	19
["EASTER", "", ""]	4
["ESE", "", ""]	10
["ESE", "37", ""]	6
["ESE", "37", "101"]	6
["EVERYONE", "", ""]	3
["Eagle", "", ""]	3
["Eagle", "04", ""]	3
["Eagle", "04", "015"]	3
["Early", "", ""]	3
["Easter", "", ""]	57
["Easter", "06", ""]	13
["Easter", "06", "037"]	6
["Easter", "11", ""]	5
["Easter", "11", "001"]	5
["Easter", "12", ""]	6
["Easter", "36", ""]	5
["Easter", "36", "061"]	4
["Easter", "48", ""]	6
["Easter", "53", ""]	4
["Easter", "53", "033"]	3
["Easter", "55", ""]	5
["Easter", "55", "133"]	3
["Easy", "", ""]	3
["Effective", "", ""]	3
["Effective", "12", ""]	3
["Effective", "12", "086"]	3
["El", "", ""]	3
["Estate", "", ""]	6
["Estate", "06", ""]	6
["Estate", "06", "037"]	6
["Excellent", "", ""]	4
["E", "22", ""]	4
["E", "22", "113"]	4
["E", "51", ""]	5
["E", "51", "630"]	4
["F", "", ""]	84
["FL", "", ""]	39
["FL", "12", ""]	39
["FL", "12", "011"]	3
["FL", "12", "031"]	5
["FL", "12", "057"]	5
["FL", "12", "086"]	3
["FL", "12", "095"]	5
["FL", "12", "103"]	4
["FT", "", ""]	5
["FT", "12", ""]	3
["Failed", "", ""]	3
["Failed", "12", ""]	3
["Failed", "12", "086"]	3
["Falling", "", ""]	40
["Falling", "21", ""]	3
["Falling", "28", ""]	3
["Falling", "29", ""]	3
["Falling", "29", "189"]	3
["Falling", "48", ""]	5
["Falling", "48", "187"]	4
["Falling", "54", ""]	3
["Falling", "54", "029"]	3
["Falling", "55", ""]	3
["Falls", "", ""]	3
["Feels", "", ""]	7
["Feels", "22", ""]	6
["Feels", "22", "113"]	6
["Festival", "", ""]	6
["Festival", "53", ""]	5
["Festival", "53", "057"]	5
["Finally", "", ""]	3
["Finance", "", ""]	4
["First", "", ""]	4
["Flood", "", ""]	5
["Florida", "", ""]	10
["Florida", "12", ""]	8
["Folio", "", ""]	3
["Folio", "12", ""]	3
["Folio", "12", "095"]	3
["Food", "", ""]	3
["For", "", ""]	8
["Forecast", "", ""]	4
["Forecast", "21", ""]	4
["Forecast", "21", "137"]	4
["Forth", "", ""]	3
["Forth", "06", ""]	3
["Forth", "06", "075"]	3
["For", "06", ""]	3
["For", "06", "037"]	3
["Found", "", ""]	3
["Francisco", "", ""]	11
["Francisco", "06", ""]	11
["Francisco", "06", "075"]	10
["Free", "", ""]	5
["Free", "32", ""]	4
["Free", "32", "003"]	4
["Friendly", "", ""]	19
["Friendly", "42", ""]	19
["Friendly", "42", "003"]	19
["Fuck", "", ""]	3
["Full", "", ""]	3
["F", "06", ""]	17
["F", "06", "057"]	12
["F", "12", ""]	3
["F", "13", ""]	6
["F", "13", "009"]	6
["F", "17", ""]	3
["F", "18", ""]	5
["F", "18", "119"]	4
["F", "21", ""]	5
["F", "21", "137"]	4
["F", "28", ""]	4
["F", "48", ""]	10
["F", "48", "187"]	4
["F", "49", ""]	3
["F", "49", "011"]	3
["F", "55", ""]	4
["GA", "", ""]	7
["GA", "13", ""]	7
["GA", "13", "121"]	3
["Garden", "", ""]	3
["Gardening", "", ""]	4
["Gardening", "36", ""]	4
["Gardening", "36", "061"]	4
["General", "", ""]	4
["GeneralDisturbance", "", ""]	3
["GeneralDisturbance", "12", ""]	3
["GeneralDisturbance", "12", "095"]	3
["Georgia", "", ""]	3
["Geysers", "", ""]	4
["Geysers", "06", ""]	4
["Girls", "", ""]	4
["Girls", "06", ""]	3
["Girls", "06", "037"]	3
["God", "", ""]	9
["God", "06", ""]	3
["Good", "", ""]	10
["GoodPlacesToHideAnEgg", "", ""]	7
["GoodPlacesToHideAnEgg", "11", ""]	7
["GoodPlacesToHideAnEgg", "11", "001"]	7
["Goodnight", "", ""]	3
["Goodnight", "06", ""]	3
["Gotta", "", ""]	3
["Gotta", "05", ""]	3
["Gotta", "05", "009"]	3
["Granada", "", ""]	4
["Granada", "06", ""]	4
["Granada", "06", "037"]	4
["Grand", "", ""]	13
["Grand", "04", ""]	9
["Grand", "04", "015"]	9
["Great", "", ""]	8
["Great", "06", ""]	3
["Grill", "", ""]	3
["Grocery", "", ""]	3
["Group", "", ""]	3
["Grunions", "", ""]	3
["Grunions", "06", ""]	3
["Grunions", "06", "037"]	3
["Gst", "", ""]	11
["Gst", "25", ""]	3
["Gst", "25", "017"]	3
["Gst", "37", ""]	8
["Gst", "37", "101"]	8
["GundamRX101", "", ""]	6
["GundamRX101", "08", ""]	6
["GundamRX101", "08", "031"]	6
["Gust", "", ""]	11
["Gust", "22", ""]	6
["Gust", "22", "113"]	6
["H", "", ""]	4
["HAPPY", "", ""]	5
["HIcaucus", "", ""]	3
["HIcaucus", "11", ""]	3
["HIcaucus", "11", "001"]	3
["HMSHost", "", ""]	9
["HMSHost", "06", ""]	3
["Had", "", ""]	5
["Hall", "", ""]	3
["Happy", "", ""]	35
["HappyEaster", "", ""]	4
["Happy", "06", ""]	12
["Happy", "06", "037"]	8
["Happy", "11", ""]	4
["Happy", "11", "001"]	4
["Happy", "12", ""]	3
["Happy", "36", ""]	3
["Happy", "36", "061"]	3
["Happy", "48", ""]	3
["Happy", "55", ""]	3
["Happy", "55", "133"]	3
["Hawaii", "", ""]	6
["He", "", ""]	8
["Health", "", ""]	3
["Healthcare", "", ""]	19
["Healthcare", "12", ""]	3
["Healthcare", "45", ""]	3
["Healthcare", "45", "019"]	3
["Healthcare", "48", ""]	4
["Here", "", ""]	5
["Here", "55", ""]	3
["Here", "55", "133"]	3
["Hey", "", ""]	4
["He", "11", ""]	3
["He", "11", "001"]	3
["Hi", "", ""]	3
["High", "", ""]	28
["High", "12", ""]	4
["High", "24", ""]	3
["High", "24", "017"]	3
["High", "41", ""]	6
["High", "41", "041"]	6
["Hill", "", ""]	4
["Hills", "", ""]	8
["Hills", "06", ""]	5
["Hills", "06", "037"]	5
["Hilton", "", ""]	3
["Hiring", "", ""]	118
["Hiring", "06", ""]	11
["Hiring", "06", "075"]	5
["Hiring", "12", ""]	25
["Hiring", "12", "031"]	5
["Hiring", "12", "095"]	3
["Hiring", "12", "103"]	4
["Hiring", "13", ""]	3
["Hiring", "17", ""]	5
["Hiring", "17", "043"]	3
["Hiring", "22", ""]	9
["Hiring", "22", "105"]	3
["Hiring", "24", ""]	3
["Hiring", "25", ""]	11
["Hiring", "25", "017"]	10
["Hiring", "34", ""]	3
["Hiring", "37", ""]	7
["Hiring", "37", "119"]	4
["Hiring", "42", ""]	5
["Hiring", "45", ""]	4
["Hiring", "48", ""]	10
["Hi", "25", ""]	3
["Hi", "25", "017"]	3
["Hmd", "", ""]	3
["Hmd", "25", ""]	3
["Hmd", "25", "017"]	3
["Hollywood", "", ""]	12
["Hollywood", "06", ""]	11
["Hollywood", "06", "037"]	11
["Hookah", "", ""]	9
["Hookah", "39", ""]	4
["Hookah", "39", "049"]	4
["Hookah", "48", ""]	4
["Hookah", "48", "113"]	4
["Hospitality", "", ""]	46
["Hospitality", "06", ""]	7
["Hospitality", "06", "075"]	3
["Hospitality", "12", ""]	3
["Hospitality", "22", ""]	3
["Hospitality", "48", ""]	9
["Hospitality", "48", "113"]	3
["Hotel", "", ""]	6
["House", "", ""]	12
["House", "06", ""]	3
["House", "36", ""]	7
["House", "36", "061"]	6
["Houston", "", ""]	7
["Houston", "48", ""]	6
["Houston", "48", "201"]	6
["How", "", ""]	15
["How", "36", ""]	6
["How", "36", "061"]	6
["Hualapai", "", ""]	6
["Hualapai", "04", ""]	6
["Hualapai", "04", "015"]	6
["Hum", "", ""]	5
["Humidity", "", ""]	47
["Humidity", "06", ""]	13
["Humidity", "06", "057"]	12
["Humidity", "22", ""]	6
["Humidity", "22", "113"]	6
["Humidity", "48", ""]	5
["Humidity", "48", "187"]	4
["H", "54", ""]	3
["H", "54", "029"]	3
["I", "", ""]	222
["IHOP", "", ""]	3
["IL", "", ""]	10
["IL", "17", ""]	10
["IL", "17", "031"]	6
["IN", "", ""]	3
["INCH", "", ""]	5
["IPA", "", ""]	5
["IT", "", ""]	9
["IT", "25", ""]	3
["IT", "25", "017"]	3
["IT", "42", ""]	3
["If", "", ""]	12
["If", "06", ""]	4
["If", "06", "037"]	3
["If", "17", ""]	3
["If", "17", "031"]	3
["Iha", "", ""]	8
["Iha", "11", ""]	8
["Iha", "11", "001"]	8
["In", "", ""]	23
["Inc", "", ""]	6
["Indianapolis", "", ""]	5
["Indianapolis", "18", ""]	5
["Indianapolis", "18", "097"]	5
["Inn", "", ""]	3
["Interested", "", ""]	14
["International", "", ""]	14
["International", "32", ""]	3
["International", "32", "003"]	3
["In", "06", ""]	3
["In", "12", ""]	4
["In", "12", "086"]	4
["Island", "", ""]	4
["Isles", "", ""]	3
["Isles", "12", ""]	3
["Isles", "12", "097"]	3
["It", "", ""]	26
["It", "06", ""]	10
["It", "06", "037"]	4
["It", "39", ""]	5
["It", "39", "049"]	4
["It", "48", ""]	3
["IvleifByXY", "", ""]	17
["IvleifByXY", "11", ""]	17
["IvleifByXY", "11", "001"]	17
["I", "04", ""]	4
["I", "04", "013"]	3
["I", "06", ""]	65
["I", "06", "001"]	3
["I", "06", "037"]	33
["I", "06", "059"]	8
["I", "06", "061"]	4
["I", "06", "073"]	4
["I", "06", "075"]	7
["I", "08", ""]	7
["I", "08", "031"]	7
["I", "09", ""]	7
["I", "09", "003"]	5
["I", "12", ""]	11
["I", "13", ""]	4
["I", "13", "121"]	4
["I", "18", ""]	3
["I", "18", "097"]	3
["I", "24", ""]	5
["I", "25", ""]	4
["I", "25", "017"]	3
["I", "28", ""]	3
["I", "32", ""]	10
["I", "32", "003"]	9
["I", "34", ""]	4
["I", "36", ""]	13
["I", "36", "061"]	3
["I", "36", "103"]	5
["I", "39", ""]	5
["I", "39", "035"]	3
["I", "40", ""]	3
["I", "40", "109"]	3
["I", "41", ""]	3
["I", "42", ""]	4
["I", "45", ""]	3
["I", "47", ""]	3
["I", "48", ""]	17
["I", "48", "029"]	4
["I", "48", "257"]	4
["I", "49", ""]	18
["I", "49", "053"]	17
["I", "51", ""]	7
["I", "51", "143"]	3
["I", "51", "179"]	3
["I", "53", ""]	4
["J", "", ""]	3
["JACKSONVILLE", "", ""]	5
["JACKSONVILLE", "12", ""]	5
["JACKSONVILLE", "12", "031"]	5
["Jackson", "", ""]	3
["Jacksonville", "", ""]	3
["James", "", ""]	11
["James", "11", ""]	8
["James", "11", "001"]	8
["Jesus", "", ""]	3
["Job", "", ""]	91
["Jobs", "", ""]	84
["Jobs", "06", ""]	9
["Jobs", "06", "075"]	4
["Jobs", "12", ""]	15
["Jobs", "12", "031"]	4
["Jobs", "22", ""]	7
["Jobs", "22", "105"]	3
["Jobs", "25", ""]	7
["Jobs", "25", "017"]	6
["Jobs", "36", ""]	3
["Jobs", "37", ""]	4
["Jobs", "42", ""]	5
["Jobs", "48", ""]	8
["Jobs", "48", "113"]	3
["Job", "06", ""]	9
["Job", "06", "075"]	4
["Job", "12", ""]	15
["Job", "12", "031"]	4
["Job", "22", ""]	7
["Job", "22", "105"]	3
["Job", "25", ""]	8
["Job", "25", "017"]	7
["Job", "36", ""]	3
["Job", "37", ""]	4
["Job", "39", ""]	3
["Job", "42", ""]	5
["Job", "48", ""]	9
["Job", "48", "113"]	3
["Job", "51", ""]	3
["John", "", ""]	4
["Johns", "", ""]	3
["Johns", "36", ""]	3
["Johns", "36", "061"]	3
["Join", "", ""]	10
["Joshua", "", ""]	3
["Just", "", ""]	41
["Just", "12", ""]	5
["Just", "12", "097"]	3
["Just", "32", ""]	3
["Just", "32", "003"]	3
["Just", "36", ""]	4
["Just", "39", ""]	5
["Just", "39", "035"]	5
["Just", "48", ""]	3
["Just", "53", ""]	6
["Just", "53", "057"]	6
["J", "06", ""]	3
["Kansas", "", ""]	5
["Kansas", "29", ""]	3
["Kansas", "29", "095"]	3
["Kentland", "", ""]	3
["Kentland", "06", ""]	3
["Kentland", "06", "037"]	3
["Key", "", ""]	3
["Key", "12", ""]	3
["Key", "12", "087"]	3
["King", "", ""]	6
["King", "36", ""]	3
["King", "36", "061"]	3
["Kovalev", "", ""]	3
["Kovalev", "11", ""]	3
["Kovalev", "11", "001"]	3
["Kwikstiks", "", ""]	5
["Kwikstiks", "34", ""]	5
["Kwikstiks", "34", "013"]	5
["L", "", ""]	3
["LA", "", ""]	12
["LA", "22", ""]	10
["LA", "22", "105"]	3
["LEGO", "", ""]	3
["La", "", ""]	6
["Lab", "", ""]	9
["Lab", "19", ""]	4
["Lab", "19", "049"]	4
["Lady", "", ""]	3
["Largo", "", ""]	3
["Largo", "12", ""]	3
["Largo", "12", "087"]	3
["Las", "", ""]	25
["LasVegas", "", ""]	5
["LasVegas", "32", ""]	5
["LasVegas", "32", "003"]	5
["Last", "", ""]	5
["Last", "06", ""]	5
["Last", "06", "037"]	5
["Las", "32", ""]	25
["Las", "32", "003"]	25
["Late", "", ""]	9
["Late", "05", ""]	3
["Late", "05", "009"]	3
["Late", "06", ""]	4
["Les", "", ""]	4
["Les", "36", ""]	4
["Les", "36", "061"]	4
["Let", "", ""]	4
["Levi", "", ""]	4
["Life", "", ""]	4
["Lifestyle", "", ""]	4
["Lifestyle", "36", ""]	4
["Lifestyle", "36", "061"]	4
["Light", "", ""]	8
["Light", "37", ""]	8
["Light", "37", "101"]	8
["Lincoln", "", ""]	3
["Living", "", ""]	12
["Living", "06", ""]	5
["Living", "06", "075"]	4
["Lo", "", ""]	3
["Lol", "", ""]	3
["Los", "", ""]	18
["LosAngeles", "", ""]	4
["LosAngeles", "06", ""]	4
["LosAngeles", "06", "037"]	4
["Lost", "", ""]	3
["Los", "06", ""]	17
["Los", "06", "037"]	16
["Lounge", "", ""]	12
["Lounge", "48", ""]	4
["Lounge", "48", "113"]	4
["Love", "", ""]	9
["Love", "36", ""]	3
["Low", "", ""]	22
["Low", "10", ""]	3
["Low", "10", "003"]	3
["Low", "12", ""]	4
["Low", "23", ""]	3
["Low", "23", "015"]	3
["Low", "41", ""]	4
["Low", "41", "041"]	4
["Lo", "25", ""]	3
["Lo", "25", "017"]	3
["Lytle", "", ""]	3
["Lytle", "06", ""]	3
["Lytle", "06", "071"]	3
["M0", "", ""]	5
["M0", "06", ""]	4
["MA", "", ""]	16
["MANGO", "", ""]	4
["MANGO", "39", ""]	4
["MANGO", "39", "049"]	4
["MA", "25", ""]	16
["MA", "25", "017"]	14
["MD", "", ""]	9
["MD", "24", ""]	9
["ME", "", ""]	3
["MI", "", ""]	5
["MI", "26", ""]	4
["MI", "26", "163"]	3
["MMartelMartel", "", ""]	3
["MMartelMartel", "49", ""]	3
["MMartelMartel", "49", "053"]	3
["MN", "", ""]	3
["MN", "27", ""]	3
["MY", "", ""]	3
["MY", "06", ""]	3
["Main", "", ""]	9
["Main", "13", ""]	9
["Main", "13", "135"]	9
["Make", "", ""]	6
["Make", "36", ""]	4
["Make", "36", "061"]	4
["Man", "", ""]	3
["Manager", "", ""]	19
["Manager", "06", ""]	3
["Manager", "12", ""]	3
["Manager", "48", ""]	3
["Manhattan", "", ""]	6
["Manhattan", "36", ""]	6
["Manhattan", "36", "061"]	5
["Mar", "", ""]	4
["Marketing", "", ""]	5
["Maryland", "", ""]	3
["Maryland", "24", ""]	3
["Massachusetts", "", ""]	3
["Massachusetts", "25", ""]	3
["Me", "", ""]	10
["Meat", "", ""]	3
["Medical", "", ""]	4
["Member", "", ""]	8
["Member", "48", ""]	4
["Merveilleux", "", ""]	4
["Merveilleux", "36", ""]	4
["Merveilleux", "36", "061"]	4
["Me", "06", ""]	4
["Me", "13", ""]	3
["Me", "13", "135"]	3
["Miami", "", ""]	7
["Miami", "12", ""]	7
["Miami", "12", "086"]	7
["Mini", "", ""]	3
["Miss", "", ""]	3
["Mississippi", "", ""]	5
["Missouri", "", ""]	4
["Miss", "06", ""]	3
["More", "", ""]	13
["More", "11", ""]	11
["More", "11", "001"]	11
["Mouse", "", ""]	3
["Music", "", ""]	6
["My", "", ""]	22
["My", "06", ""]	5
["N", "", ""]	12
["NC", "", ""]	11
["NC", "37", ""]	11
["NC", "37", "119"]	5
["NE", "", ""]	4
["NEW", "", ""]	3
["NJ", "", ""]	7
["NJ", "34", ""]	7
["NNE", "", ""]	3
["NNW", "", ""]	3
["NV", "", ""]	7
["NV", "32", ""]	7
["NV", "32", "003"]	7
["NWS", "", ""]	3
["NY", "", ""]	14
["NYC", "", ""]	5
["NYC", "36", ""]	4
["NYC", "36", "061"]	4
["NY", "36", ""]	12
["NY", "36", "047"]	3
["NY", "36", "061"]	3
["Nashville", "", ""]	4
["Nashville", "47", ""]	4
["Nashville", "47", "037"]	4
["National", "", ""]	15
["National", "06", ""]	13
["National", "06", "043"]	9
["Nevada", "", ""]	8
["Nevada", "32", ""]	6
["Nevada", "32", "003"]	3
["New", "", ""]	39
["News", "", ""]	3
["New", "12", ""]	4
["New", "12", "086"]	3
["New", "34", ""]	3
["New", "36", ""]	24
["New", "36", "061"]	20
["Nice", "", ""]	3
["Night", "", ""]	5
["Nightclub", "", ""]	16
["Nightclub", "06", ""]	3
["Nightclub", "32", ""]	10
["Nightclub", "32", "003"]	10
["No", "", ""]	11
["North", "", ""]	31
["North", "17", ""]	3
["North", "17", "031"]	3
["North", "42", ""]	19
["North", "42", "003"]	19
["Now", "", ""]	5
["No", "06", ""]	4
["Nurse", "", ""]	8
["Nurse", "48", ""]	3
["Nursing", "", ""]	21
["Nursing", "06", ""]	4
["Nursing", "12", ""]	3
["Nursing", "25", ""]	5
["Nursing", "25", "017"]	4
["N", "12", ""]	7
["N", "12", "086"]	6
["O", "", ""]	6
["OH", "", ""]	5
["OH", "39", ""]	4
["OK", "", ""]	3
["OR", "", ""]	4
["OR", "41", ""]	4
["OUT", "", ""]	3
["Oakland", "", ""]	3
["Of", "", ""]	3
["Offing", "", ""]	3
["Offing", "12", ""]	3
["Offing", "12", "086"]	3
["Oh", "", ""]	5
["Old", "", ""]	4
["Old", "36", ""]	3
["Old", "36", "061"]	3
["On", "", ""]	12
["One", "", ""]	11
["One", "13", ""]	3
["One", "39", ""]	4
["One", "39", "049"]	4
["On", "12", ""]	3
["On", "12", "086"]	3
["Or", "", ""]	3
["Orange", "", ""]	8
["Orange", "06", ""]	4
["Orange", "06", "059"]	4
["Orange", "12", ""]	3
["Orange", "12", "095"]	3
["Oregon", "", ""]	9
["Oregon", "41", ""]	7
["Orlando", "", ""]	13
["Orlando", "12", ""]	12
["Orlando", "12", "095"]	12
["Our", "", ""]	3
["Over", "", ""]	3
["Over", "06", ""]	3
["Own", "", ""]	3
["Oxford", "", ""]	3
["Oxford", "17", ""]	3
["Oxford", "17", "031"]	3
["P", "", ""]	7
["PA", "", ""]	9
["PA", "42", ""]	9
["PC", "", ""]	3
["PFC", "", ""]	38
["PFC", "42", ""]	38
["PFC", "42", "003"]	38
["Palace", "", ""]	3
["Pandora_PBlive", "", ""]	7
["Pandora_PBlive", "06", ""]	7
["Pandora_PBlive", "06", "037"]	7
["Paper", "", ""]	3
["Park", "", ""]	37
["Park", "06", ""]	12
["Park", "06", "043"]	9
["Park", "42", ""]	19
["Park", "42", "003"]	19
["Party", "", ""]	5
["Peace", "", ""]	3
["Peace", "32", ""]	3
["Peace", "32", "003"]	3
["People", "", ""]	3
["Phife", "", ""]	3
["Phife", "36", ""]	3
["Phife", "36", "081"]	3
["Philadelphia", "", ""]	4
["Philadelphia", "42", ""]	4
["Philadelphia", "42", "101"]	4
["Phoenix", "", ""]	3
["Phoenix", "04", ""]	3
["Phoenix", "04", "013"]	3
["Photo", "", ""]	3
["Photo", "06", ""]	3
["Photo", "06", "075"]	3
["Picture", "", ""]	3
["Pittsburgh", "", ""]	4
["Pittsburgh", "42", ""]	4
["Pittsburgh", "42", "003"]	4
["Pl", "", ""]	3
["Plans", "", ""]	4
["Plans", "36", ""]	4
["Plans", "36", "061"]	4
["Pl", "12", ""]	3
["Pl", "12", "095"]	3
["Point", "", ""]	8
["Point", "04", ""]	3
["Point", "04", "015"]	3
["Police", "", ""]	5
["Portland", "", ""]	5
["Portland", "41", ""]	4
["Portland", "41", "051"]	4
["Press", "", ""]	3
["Pressure", "", ""]	17
["Pressure", "21", ""]	4
["Pressure", "21", "137"]	4
["Pressure", "22", ""]	6
["Pressure", "22", "113"]	6
["Public", "", ""]	3
["Queens", "", ""]	3
["R", "", ""]	7
["RH", "", ""]	9
["RH", "37", ""]	8
["RH", "37", "101"]	8
["RMK", "", ""]	4
["RMK", "06", ""]	4
["RN", "", ""]	6
["RN", "48", ""]	3
["RT", "", ""]	7
["RTs", "", ""]	3
["RTs", "11", ""]	3
["RTs", "11", "001"]	3
["RT", "27", ""]	3
["RT", "27", "053"]	3
["Rain", "", ""]	61
["Rain", "06", ""]	13
["Rain", "06", "057"]	12
["Rain", "21", ""]	5
["Rain", "21", "137"]	4
["Rain", "25", ""]	3
["Rain", "25", "017"]	3
["Rain", "28", ""]	4
["Rain", "48", ""]	5
["Rain", "48", "187"]	4
["Rain", "54", ""]	3
["Rain", "54", "029"]	3
["Rain", "55", ""]	3
["Raleigh", "", ""]	4
["Ranch", "", ""]	7
["Rancho", "", ""]	3
["Rancho", "06", ""]	3
["Rancho", "06", "071"]	3
["Ranch", "04", ""]	5
["Ranch", "04", "015"]	5
["RandinoF", "", ""]	3
["RandinoF", "49", ""]	3
["RandinoF", "49", "053"]	3
["Rd", "", ""]	6
["Rd", "12", ""]	3
["Rd", "12", "095"]	3
["Read", "", ""]	16
["Read", "12", ""]	4
["Read", "48", ""]	3
["Real", "", ""]	9
["Real", "06", ""]	7
["Real", "06", "037"]	7
["Recruiter", "", ""]	4
["Red", "", ""]	3
["Registered", "", ""]	7
["Registered", "48", ""]	4
["Report", "", ""]	3
["Report", "12", ""]	3
["Report", "12", "086"]	3
["Repost", "", ""]	8
["RepostPlus", "", ""]	8
["RepostPlus", "32", ""]	8
["RepostPlus", "32", "003"]	8
["Repost", "06", ""]	6
["Repost", "06", "037"]	6
["Resort", "", ""]	4
["Restaurant", "", ""]	15
["Restaurant", "48", ""]	4
["Resurrection", "", ""]	4
["Retail", "", ""]	43
["Retail", "06", ""]	3
["Retail", "12", ""]	22
["Retail", "12", "031"]	4
["Retail", "12", "057"]	4
["Retail", "12", "103"]	4
["Retail", "22", ""]	5
["Risen", "", ""]	7
["Risen", "11", ""]	4
["Risen", "11", "001"]	4
["Rising", "", ""]	5
["River", "", ""]	3
["Rn", "", ""]	8
["RnTdy", "", ""]	8
["RnTdy", "37", ""]	8
["RnTdy", "37", "101"]	8
["Rng", "", ""]	3
["Rng", "25", ""]	3
["Rng", "25", "017"]	3
["Rn", "37", ""]	8
["Rn", "37", "101"]	8
["Rock", "", ""]	3
["Rod", "", ""]	4
["Rod", "05", ""]	3
["Rod", "05", "009"]	3
["R", "54", ""]	3
["R", "54", "029"]	3
["S", "", ""]	15
["SB", "", ""]	3
["SC", "", ""]	7
["SC", "45", ""]	7
["SC", "45", "019"]	3
["SE", "", ""]	13
["SE", "06", ""]	5
["SE", "06", "057"]	5
["SF", "", ""]	3
["SF", "06", ""]	3
["SF", "06", "075"]	3
["SNOW", "", ""]	5
["SONIC", "", ""]	12
["SSE", "", ""]	7
["SSE", "48", ""]	4
["SSE", "48", "187"]	4
["Sales", "", ""]	18
["Sales", "19", ""]	4
["Sales", "19", "049"]	4
["Sales", "36", ""]	3
["Sam", "", ""]	5
["San", "", ""]	18
["SanFrancisco", "", ""]	7
["SanFrancisco", "06", ""]	7
["SanFrancisco", "06", "075"]	6
["Santa", "", ""]	3
["San", "06", ""]	16
["San", "06", "075"]	10
["Saturday", "", ""]	23
["Saturday", "06", ""]	5
["Saturday", "11", ""]	3
["Saturday", "11", "001"]	3
["Saturday", "42", ""]	3
["Says", "", ""]	3
["Says", "12", ""]	3
["Says", "12", "086"]	3
["See", "", ""]	22
["Seen", "", ""]	4
["Seen", "06", ""]	3
["Seen", "06", "037"]	3
["See", "06", ""]	4
["See", "48", ""]	3
["Senior", "", ""]	13
["Senior", "06", ""]	5
["Senior", "06", "075"]	4
["Server", "", ""]	4
["Service", "", ""]	8
["Services", "", ""]	3
["Service", "12", ""]	3
["Set", "", ""]	3
["She", "", ""]	5
["She", "17", ""]	3
["She", "17", "031"]	3
["Shift", "", ""]	4
["Shop", "", ""]	4
["Shop", "39", ""]	4
["Shop", "39", "049"]	4
["ShoreSideLife", "", ""]	3
["ShoreSideLife", "12", ""]	3
["Show", "", ""]	3
["Skagit", "", ""]	5
["Skagit", "53", ""]	5
["Skagit", "53", "057"]	5
["Skating", "", ""]	3
["SkilledTrade", "", ""]	5
["Skywalk", "", ""]	5
["Skywalk", "04", ""]	5
["Skywalk", "04", "015"]	5
["Smart", "", ""]	4
["Snellville", "", ""]	9
["Snellville", "13", ""]	9
["Snellville", "13", "135"]	9
["Snw", "", ""]	3
["Snw", "25", ""]	3
["Snw", "25", "017"]	3
["So", "", ""]	7
["Sound", "", ""]	3
["South", "", ""]	4
["So", "06", ""]	3
["Specialist", "", ""]	4
["Sports", "", ""]	3
["Spring", "", ""]	4
["Spring", "06", ""]	3
["St", "", ""]	20
["Stage", "", ""]	5
["State", "", ""]	5
["States", "", ""]	13
["States", "06", ""]	4
["States", "11", ""]	5
["States", "11", "001"]	5
["Station", "", ""]	6
["Station", "48", ""]	3
["Steady", "", ""]	16
["Steady", "06", ""]	12
["Steady", "06", "057"]	12
["Stop", "", ""]	4
["Stop", "39", ""]	4
["Stop", "39", "049"]	4
["Store", "", ""]	4
["Store", "12", ""]	3
["Storm", "", ""]	3
["Storm", "25", ""]	3
["Storm", "25", "017"]	3
["Strabane", "", ""]	19
["Strabane", "42", ""]	19
["Strabane", "42", "003"]	19
["Strauss", "", ""]	3
["Street", "", ""]	7
["Street", "36", ""]	4
["Street", "36", "061"]	4
["St", "12", ""]	10
["St", "12", "095"]	10
["Sunday", "", ""]	10
["Sunday", "06", ""]	3
["Sunday", "06", "037"]	3
["Sunrise", "", ""]	16
["Sunrise", "06", ""]	5
["Sunrise", "06", "075"]	4
["Superman", "", ""]	5
["Superman", "06", ""]	4
["Superman", "06", "065"]	3
["Supervisor", "", ""]	3
["Support", "", ""]	8
["Support", "19", ""]	4
["Support", "19", "049"]	4
["SuspiciousVehicle", "", ""]	3
["SuspiciousVehicle", "12", ""]	3
["SuspiciousVehicle", "12", "095"]	3
["Sustainable", "", ""]	4
["Sustainable", "36", ""]	4
["Sustainable", "36", "061"]	4
["Sweet", "", ""]	3
["S", "06", ""]	4
["S", "06", "071"]	3
["S", "51", ""]	6
["S", "51", "179"]	3
["S", "51", "630"]	3
["T", "", ""]	5
["TAMPA", "", ""]	3
["TAMPA", "12", ""]	3
["TAMPA", "12", "057"]	3
["THE", "", ""]	4
["TO", "", ""]	3
["TO", "36", ""]	3
["TO", "36", "081"]	3
["TRIBUTE", "", ""]	3
["TRIBUTE", "36", ""]	3
["TRIBUTE", "36", "081"]	3
["TSE", "", ""]	4
["TSE", "06", ""]	4
["TSE", "06", "037"]	4
["TX", "", ""]	32
["TX", "48", ""]	32
["TX", "48", "113"]	3
["TX", "48", "201"]	6
["TX", "48", "453"]	4
["Tacoma", "", ""]	3
["Tacoma", "53", ""]	3
["Take", "", ""]	4
["Tavern", "", ""]	9
["Tavern", "13", ""]	9
["Tavern", "13", "135"]	9
["Team", "", ""]	11
["Team", "06", ""]	3
["Team", "48", ""]	4
["Technician", "", ""]	4
["Technologies", "", ""]	5
["Temp", "", ""]	23
["Temperature", "", ""]	39
["Temperature", "06", ""]	13
["Temperature", "06", "057"]	12
["Temperature", "48", ""]	5
["Temperature", "48", "187"]	4
["Temp", "21", ""]	4
["Temp", "21", "137"]	4
["Temp", "25", ""]	3
["Temp", "25", "017"]	3
["Temp", "54", ""]	3
["Temp", "54", "029"]	3
["Terminal", "", ""]	4
["Terminal", "34", ""]	4
["Terminal", "34", "013"]	4
["Texas", "", ""]	6
["Texas", "48", ""]	6
["Thank", "", ""]	5
["Thanks", "", ""]	5
["That", "", ""]	8
["That", "06", ""]	3
["The", "", ""]	106
["They", "", ""]	7
["The", "04", ""]	9
["The", "04", "015"]	7
["The", "06", ""]	30
["The", "06", "037"]	13
["The", "06", "059"]	3
["The", "06", "075"]	6
["The", "08", ""]	4
["The", "08", "031"]	4
["The", "12", ""]	10
["The", "12", "086"]	8
["The", "13", ""]	3
["The", "32", ""]	6
["The", "32", "003"]	6
["The", "36", ""]	3
["The", "37", ""]	5
["The", "42", ""]	5
["The", "48", ""]	3
["The", "51", ""]	3
["The", "53", ""]	5
["This", "", ""]	34
["This", "06", ""]	5
["This", "06", "037"]	3
["This", "12", ""]	6
["This", "12", "103"]	3
["This", "25", ""]	3
["This", "51", ""]	3
["Tide", "", ""]	10
["Time", "", ""]	4
["Tiny", "", ""]	6
["Tiny", "36", ""]	6
["Tiny", "36", "061"]	6
["Titbrains", "", ""]	3
["Titbrains", "08", ""]	3
["Titbrains", "08", "031"]	3
["To", "", ""]	14
["Today", "", ""]	12
["Today", "21", ""]	5
["Today", "21", "137"]	4
["Too", "", ""]	3
["Top20", "", ""]	10
["Topic", "", ""]	15
["Topic", "11", ""]	9
["Topic", "11", "001"]	9
["Towers", "", ""]	3
["Town", "", ""]	3
["To", "36", ""]	7
["To", "36", "061"]	6
["Trail", "", ""]	3
["Trail", "12", ""]	3
["Trail", "12", "095"]	3
["Transportation", "", ""]	7
["TravelNurse", "", ""]	3
["Tree", "", ""]	4
["Tree", "06", ""]	3
["Trend", "", ""]	11
["Trending", "", ""]	15
["Trending", "11", ""]	9
["Trending", "11", "001"]	9
["Trends", "", ""]	10
["Trend", "11", ""]	9
["Trend", "11", "001"]	9
["Trip2016", "", ""]	13
["Trip2016", "06", ""]	13
["Trip2016", "06", "043"]	8
["Trump", "", ""]	5
["TrumpTributeBands", "", ""]	3
["TrumpTributeBands", "11", ""]	3
["TrumpTributeBands", "11", "001"]	3
["Trump", "21", ""]	4
["Trump", "21", "137"]	4
["Try", "", ""]	15
["Try", "17", ""]	3
["Tucson", "", ""]	3
["Tucson", "04", ""]	3
["Tucson", "04", "019"]	3
["Tulip", "", ""]	5
["Tulip", "53", ""]	5
["Tulip", "53", "057"]	5
["Twitter", "", ""]	7
["Twitter", "11", ""]	6
["Twitter", "11", "001"]	6
["Two", "", ""]	6
["Tyco", "", ""]	3
["T", "51", ""]	3
["U", "", ""]	3
["U14", "", ""]	19
["U14", "42", ""]	19
["U14", "42", "003"]	19
["UN", "", ""]	4
["UN", "06", ""]	4
["UN", "06", "037"]	4
["US", "", ""]	6
["USA", "", ""]	3
["USA2016", "", ""]	14
["USA2016", "04", ""]	14
["USA2016", "04", "015"]	14
["USGS", "", ""]	7
["USGS", "06", ""]	6
["US", "39", ""]	4
["US", "39", "049"]	4
["UTC", "", ""]	9
["UTC", "06", ""]	6
["UTC", "32", ""]	3
["UV", "", ""]	3
["United", "", ""]	15
["UnitedStates", "", ""]	3
["UnitedStates", "06", ""]	3
["United", "06", ""]	4
["United", "11", ""]	5
["United", "11", "001"]	5
["University", "", ""]	3
["Up", "", ""]	5
["V", "", ""]	3
["VA", "", ""]	8
["VAPORMUSICVIDEO", "", ""]	3
["VAPORMUSICVIDEO", "11", ""]	3
["VAPORMUSICVIDEO", "11", "001"]	3
["VA", "51", ""]	6
["VIP", "", ""]	3
["VIP", "32", ""]	3
["VIP", "32", "003"]	3
["Vaccine", "", ""]	3
["Vaccine", "12", ""]	3
["Vaccine", "12", "086"]	3
["Valley", "", ""]	5
["Valley", "53", ""]	5
["Valley", "53", "057"]	5
["Vegas", "", ""]	31
["Vegas", "32", ""]	31
["Vegas", "32", "003"]	31
["Very", "", ""]	4
["Veterans", "", ""]	5
["Video", "", ""]	4
["View", "", ""]	18
["View", "25", ""]	3
["View", "25", "017"]	3
["View", "37", ""]	3
["View", "48", ""]	3
["Virginia", "", ""]	4
["Virginia", "51", ""]	3
["W", "", ""]	13
["WB", "", ""]	4
["WBGO", "", ""]	4
["WBGO", "34", ""]	4
["WBGO", "34", "013"]	4
["WC", "", ""]	4
["WC", "25", ""]	3
["WC", "25", "017"]	3
["WI", "", ""]	5
["WITH", "", ""]	5
["WITH", "39", ""]	4
["WITH", "39", "049"]	4
["WI", "55", ""]	5
["WTFdmQuestions", "", ""]	3
["WTFdmQuestions", "11", ""]	3
["WTFdmQuestions", "11", "001"]	3
["Want", "", ""]	21
["Want", "25", ""]	4
["Want", "25", "017"]	4
["Want", "37", ""]	3
["Want", "48", ""]	3
["War", "", ""]	6
["Ward", "", ""]	3
["Ward", "11", ""]	3
["Ward", "11", "001"]	3
["War", "12", ""]	3
["War", "12", "086"]	3
["Washington", "", ""]	7
["Washington", "11", ""]	3
["Washington", "11", "001"]	3
["Way", "", ""]	3
["We", "", ""]	48
["Weather", "", ""]	14
["Weather", "06", ""]	4
["Weather", "48", ""]	5
["Web", "", ""]	3
["Week", "", ""]	6
["Week", "06", ""]	5
["Week", "06", "037"]	4
["Were", "", ""]	3
["West", "", ""]	15
["Westford", "", ""]	4
["Westford", "25", ""]	4
["Westford", "25", "017"]	4
["West", "04", ""]	8
["West", "04", "015"]	8
["We", "06", ""]	8
["We", "12", ""]	6
["We", "37", ""]	3
["We", "42", ""]	3
["We", "48", ""]	10
["What", "", ""]	13
["What", "06", ""]	5
["What", "06", "037"]	4
["When", "", ""]	6
["When", "06", ""]	4
["When", "06", "037"]	3
["White", "", ""]	3
["Who", "", ""]	5
["Why", "", ""]	4
["Wind", "", ""]	68
["Wind", "06", ""]	13
["Wind", "06", "057"]	12
["Wind", "13", ""]	4
["Wind", "13", "009"]	4
["Wind", "21", ""]	5
["Wind", "21", "137"]	4
["Wind", "22", ""]	6
["Wind", "22", "113"]	6
["Wind", "28", ""]	4
["Wind", "48", ""]	5
["Wind", "48", "187"]	4
["Wind", "54", ""]	3
["Wind", "54", "029"]	3
["Wind", "55", ""]	3
["Winn", "", ""]	15
["Winn", "12", ""]	11
["Winn", "12", "031"]	4
["Winn", "22", ""]	3
["With", "", ""]	3
["WizdomPhoenix", "", ""]	3
["WizdomPhoenix", "32", ""]	3
["WizdomPhoenix", "32", "003"]	3
["Wnd", "", ""]	5
["Wnd", "25", ""]	3
["Wnd", "25", "017"]	3
["WonderCon", "", ""]	6
["WonderCon2016", "", ""]	5
["WonderCon2016", "06", ""]	5
["WonderCon2016", "06", "037"]	5
["WonderCon", "06", ""]	6
["WonderCon", "06", "037"]	6
["World", "", ""]	5
["World", "36", ""]	4
["World", "36", "061"]	4
["W", "12", ""]	5
["W", "12", "095"]	5
["W", "54", ""]	3
["W", "54", "029"]	3
["XS", "", ""]	3
["XS", "32", ""]	3
["XS", "32", "003"]	3
["Y", "", ""]	4
["Yesterday", "", ""]	4
["York", "", ""]	27
["York", "36", ""]	24
["York", "36", "061"]	20
["Yosemite", "", ""]	11
["YosemiteNationalPark", "", ""]	10
["YosemiteNationalPark", "06", ""]	10
["YosemiteNationalPark", "06", "043"]	8
["Yosemite", "06", ""]	11
["Yosemite", "06", "043"]	9
["You", "", ""]	12
["Your", "", ""]	3
["Yum", "", ""]	3
["Zero", "", ""]	4
["Zero", "48", ""]	4
["Zero", "48", "113"]	4
["a", "", ""]	249
["about", "", ""]	35
["about", "06", ""]	5
["about", "06", "037"]	4
["about", "12", ""]	5
["about", "36", ""]	5
["about", "48", ""]	4
["actually", "", ""]	3
["admission", "", ""]	4
["admission", "32", ""]	4
["admission", "32", "003"]	4
["after", "", ""]	14
["after", "06", ""]	5
["after", "13", ""]	3
["ago", "", ""]	4
["ain", "", ""]	3
["aka", "", ""]	3
["aka", "06", ""]	3
["alert", "", ""]	21
["alert", "12", ""]	4
["alert", "19", ""]	4
["alert", "25", ""]	3
["all", "", ""]	31
["all", "06", ""]	7
["all", "06", "037"]	4
["all", "13", ""]	3
["all", "13", "121"]	3
["all", "39", ""]	5
["all", "39", "049"]	4
["already", "", ""]	3
["also", "", ""]	7
["always", "", ""]	7
["am", "", ""]	18
["amazing", "", ""]	11
["amazing", "06", ""]	5
["amp", "", ""]	66
["amp", "06", ""]	16
["amp", "06", "037"]	8
["amp", "12", ""]	7
["amp", "12", "095"]	4
["amp", "17", ""]	3
["amp", "32", ""]	9
["amp", "32", "003"]	9
["amp", "34", ""]	3
["amp", "36", ""]	4
["amp", "41", ""]	4
["amp", "53", ""]	3
["am", "29", ""]	5
["am", "29", "095"]	5
["am", "48", ""]	3
["an", "", ""]	14
["and", "", ""]	147
["and", "01", ""]	3
["and", "04", ""]	5
["and", "04", "013"]	3
["and", "06", ""]	38
["and", "06", "037"]	19
["and", "06", "073"]	3
["and", "06", "075"]	5
["and", "08", ""]	4
["and", "08", "031"]	4
["and", "12", ""]	8
["and", "12", "095"]	3
["and", "17", ""]	3
["and", "22", ""]	6
["and", "22", "071"]	3
["and", "26", ""]	3
["and", "27", ""]	5
["and", "27", "053"]	3
["and", "32", ""]	3
["and", "34", ""]	5
["and", "34", "013"]	3
["and", "36", ""]	8
["and", "36", "061"]	4
["and", "37", ""]	4
["and", "42", ""]	5
["and", "45", ""]	3
["and", "48", ""]	15
["and", "48", "201"]	6
["and", "49", ""]	4
["and", "49", "053"]	3
["and", "51", ""]	3
["and", "54", ""]	3
["and", "54", "029"]	3
["another", "", ""]	7
["antiquescan", "", ""]	3
["antiquescan", "55", ""]	3
["antiquescan", "55", "133"]	3
["any", "", ""]	4
["anyone", "", ""]	27
["anyone", "12", ""]	7
["anyone", "25", ""]	3
["anyone", "25", "017"]	3
["anyone", "37", ""]	3
["any", "06", ""]	3
["any", "06", "037"]	3
["an", "06", ""]	4
["an", "41", ""]	3
["an", "41", "051"]	3
["apply", "", ""]	23
["apply", "48", ""]	8
["apply", "48", "201"]	4
["are", "", ""]	24
["are", "06", ""]	6
["are", "06", "037"]	3
["around", "", ""]	6
["art", "", ""]	7
["artist", "", ""]	3
["as", "", ""]	5
["ask", "", ""]	3
["at", "", ""]	220
["at", "04", ""]	8
["at", "04", "015"]	6
["at", "06", ""]	40
["at", "06", "037"]	22
["at", "06", "059"]	4
["at", "06", "075"]	9
["at", "08", ""]	3
["at", "08", "031"]	3
["at", "11", ""]	12
["at", "11", "001"]	12
["at", "12", ""]	32
["at", "12", "095"]	22
["at", "13", ""]	6
["at", "13", "121"]	4
["at", "17", ""]	3
["at", "19", ""]	5
["at", "22", ""]	4
["at", "22", "105"]	3
["at", "24", ""]	4
["at", "25", ""]	3
["at", "26", ""]	4
["at", "32", ""]	6
["at", "32", "003"]	6
["at", "34", ""]	4
["at", "36", ""]	4
["at", "37", ""]	3
["at", "39", ""]	6
["at", "41", ""]	13
["at", "41", "051"]	12
["at", "42", ""]	23
["at", "42", "003"]	21
["at", "48", ""]	12
["at", "51", ""]	4
["at", "54", ""]	3
["at", "54", "029"]	3
["at", "55", ""]	3
["available", "", ""]	11
["available", "39", ""]	9
["available", "39", "035"]	9
["away", "", ""]	3
["awesome", "", ""]	5
["a", "04", ""]	3
["a", "04", "013"]	3
["a", "05", ""]	5
["a", "05", "009"]	3
["a", "06", ""]	55
["a", "06", "037"]	19
["a", "06", "059"]	8
["a", "06", "065"]	6
["a", "06", "071"]	3
["a", "06", "073"]	3
["a", "06", "075"]	8
["a", "08", ""]	6
["a", "08", "031"]	6
["a", "11", ""]	5
["a", "11", "001"]	5
["a", "12", ""]	20
["a", "12", "086"]	3
["a", "12", "097"]	3
["a", "12", "103"]	5
["a", "13", ""]	3
["a", "17", ""]	9
["a", "17", "031"]	5
["a", "22", ""]	5
["a", "22", "071"]	3
["a", "25", ""]	6
["a", "25", "017"]	4
["a", "27", ""]	4
["a", "27", "053"]	3
["a", "28", ""]	4
["a", "28", "017"]	3
["a", "29", ""]	3
["a", "29", "095"]	3
["a", "32", ""]	11
["a", "32", "003"]	10
["a", "34", ""]	6
["a", "34", "013"]	3
["a", "36", ""]	13
["a", "36", "029"]	3
["a", "36", "061"]	5
["a", "39", ""]	4
["a", "39", "035"]	3
["a", "41", ""]	12
["a", "41", "051"]	9
["a", "42", ""]	5
["a", "45", ""]	3
["a", "48", ""]	15
["a", "48", "113"]	5
["a", "48", "453"]	5
["a", "49", ""]	8
["a", "49", "053"]	6
["a", "51", ""]	7
["a", "53", ""]	13
["a", "53", "011"]	3
["a", "53", "057"]	6
["a", "54", ""]	3
["a", "54", "039"]	3
["a", "55", ""]	4
["a", "55", "133"]	3
["babe", "", ""]	5
["babe", "04", ""]	5
["babe", "04", "013"]	4
["baby", "", ""]	4
["back", "", ""]	10
["bad", "", ""]	3
["bass", "", ""]	3
["baths", "", ""]	5
["baths", "48", ""]	5
["batman", "", ""]	4
["batmanvsuperman", "", ""]	3
["batman", "06", ""]	3
["be", "", ""]	54
["bearing", "", ""]	5
["bearing", "20", ""]	5
["bearing", "20", "075"]	5
["beautiful", "", ""]	5
["because", "", ""]	3
["because", "27", ""]	3
["because", "27", "053"]	3
["beds", "", ""]	5
["beds", "48", ""]	5
["bedvynewine", "", ""]	3
["bedvynewine", "36", ""]	3
["bedvynewine", "36", "081"]	3
["been", "", ""]	14
["been", "06", ""]	3
["before", "", ""]	5
["beginning", "", ""]	3
["being", "", ""]	4
["bendin", "", ""]	3
["bendin", "05", ""]	3
["bendin", "05", "009"]	3
["best", "", ""]	8
["best", "06", ""]	4
["better", "", ""]	4
["be", "06", ""]	13
["be", "06", "037"]	5
["be", "06", "075"]	5
["be", "12", ""]	5
["be", "12", "103"]	3
["be", "17", ""]	4
["be", "25", ""]	3
["be", "36", ""]	4
["be", "51", ""]	3
["be", "55", ""]	3
["be", "55", "133"]	3
["big", "", ""]	3
["bighitsthrowbackfest", "", ""]	6
["bighitsthrowbackfest", "34", ""]	6
["bighitsthrowbackfest", "34", "013"]	6
["birthday", "", ""]	7
["birthday", "06", ""]	3
["black", "", ""]	3
["blessed", "", ""]	7
["blessed", "06", ""]	4
["boy", "", ""]	6
["brother", "", ""]	3
["brothers", "", ""]	3
["building", "", ""]	3
["bunch", "", ""]	3
["but", "", ""]	17
["but", "06", ""]	5
["but", "49", ""]	4
["but", "49", "053"]	3
["by", "", ""]	38
["by", "06", ""]	4
["by", "13", ""]	9
["by", "13", "135"]	9
["by", "41", ""]	12
["by", "41", "051"]	12
["by", "53", ""]	3
["call", "", ""]	3
["camera", "", ""]	3
["camera", "36", ""]	3
["can", "", ""]	32
["can", "06", ""]	15
["can", "06", "037"]	6
["can", "06", "075"]	5
["can", "36", ""]	5
["can", "36", "103"]	3
["can", "48", ""]	3
["car", "", ""]	4
["car", "06", ""]	3
["cause", "", ""]	3
["center", "", ""]	3
["charges", "", ""]	4
["check", "", ""]	10
["church", "", ""]	3
["city", "", ""]	4
["clear", "", ""]	5
["click", "", ""]	11
["click", "48", ""]	3
["close", "", ""]	5
["co", "", ""]	1526
["coffee", "", ""]	5
["come", "", ""]	8
["come", "04", ""]	4
["come", "04", "013"]	4
["con", "", ""]	4
["concerts", "", ""]	3
["cook", "", ""]	3
["cool", "", ""]	5
["cool", "36", ""]	3
["cool", "36", "061"]	3
["corn", "", ""]	3
["cosplay", "", ""]	4
["cosplay", "06", ""]	4
["cosplay", "06", "037"]	4
["could", "", ""]	22
["course", "", ""]	3
["co", "01", ""]	5
["co", "04", ""]	40
["co", "04", "013"]	16
["co", "04", "015"]	17
["co", "04", "019"]	5
["co", "05", ""]	10
["co", "05", "009"]	3
["co", "06", ""]	413
["co", "06", "001"]	9
["co", "06", "019"]	4
["co", "06", "029"]	3
["co", "06", "037"]	159
["co", "06", "043"]	10
["co", "06", "053"]	5
["co", "06", "059"]	22
["co", "06", "065"]	15
["co", "06", "067"]	4
["co", "06", "071"]	13
["co", "06", "073"]	14
["co", "06", "075"]	121
["co", "06", "079"]	3
["co", "06", "081"]	5
["co", "06", "085"]	5
["co", "06", "111"]	4
["co", "08", ""]	12
["co", "08", "031"]	12
["co", "09", ""]	6
["co", "11", ""]	39
["co", "11", "001"]	39
["co", "12", ""]	125
["co", "12", "011"]	12
["co", "12", "031"]	8
["co", "12", "057"]	7
["co", "12", "086"]	30
["co", "12", "095"]	31
["co", "12", "097"]	5
["co", "12", "099"]	3
["co", "12", "103"]	8
["co", "13", ""]	34
["co", "13", "121"]	19
["co", "13", "127"]	3
["co", "13", "135"]	3
["co", "17", ""]	39
["co", "17", "031"]	25
["co", "17", "043"]	6
["co", "17", "201"]	3
["co", "18", ""]	13
["co", "18", "097"]	12
["co", "19", ""]	10
["co", "19", "049"]	3
["co", "20", ""]	12
["co", "20", "075"]	5
["co", "20", "091"]	3
["co", "21", ""]	6
["co", "22", ""]	28
["co", "22", "033"]	3
["co", "22", "071"]	6
["co", "22", "105"]	3
["co", "22", "113"]	6
["co", "23", ""]	5
["co", "24", ""]	22
["co", "24", "005"]	3
["co", "24", "033"]	7
["co", "25", ""]	35
["co", "25", "013"]	3
["co", "25", "017"]	26
["co", "26", ""]	15
["co", "26", "163"]	10
["co", "27", ""]	13
["co", "27", "053"]	7
["co", "28", ""]	3
["co", "29", ""]	10
["co", "29", "095"]	6
["co", "32", ""]	71
["co", "32", "003"]	67
["co", "34", ""]	39
["co", "34", "003"]	7
["co", "34", "013"]	16
["co", "34", "017"]	5
["co", "34", "025"]	4
["co", "34", "039"]	3
["co", "35", ""]	5
["co", "35", "055"]	3
["co", "36", ""]	119
["co", "36", "001"]	4
["co", "36", "005"]	5
["co", "36", "029"]	3
["co", "36", "047"]	17
["co", "36", "059"]	5
["co", "36", "061"]	66
["co", "36", "081"]	13
["co", "37", ""]	34
["co", "37", "081"]	12
["co", "37", "119"]	6
["co", "37", "183"]	3
["co", "39", ""]	35
["co", "39", "035"]	18
["co", "39", "049"]	8
["co", "39", "095"]	3
["co", "40", ""]	8
["co", "40", "109"]	4
["co", "41", ""]	32
["co", "41", "005"]	4
["co", "41", "017"]	4
["co", "41", "051"]	20
["co", "42", ""]	50
["co", "42", "003"]	25
["co", "42", "019"]	4
["co", "42", "029"]	4
["co", "42", "101"]	7
["co", "45", ""]	15
["co", "45", "019"]	6
["co", "47", ""]	10
["co", "47", "037"]	8
["co", "48", ""]	117
["co", "48", "029"]	4
["co", "48", "041"]	3
["co", "48", "085"]	4
["co", "48", "113"]	22
["co", "48", "121"]	5
["co", "48", "167"]	3
["co", "48", "201"]	23
["co", "48", "215"]	3
["co", "48", "439"]	10
["co", "48", "453"]	19
["co", "49", ""]	7
["co", "49", "035"]	6
["co", "51", ""]	25
["co", "51", "013"]	4
["co", "51", "155"]	4
["co", "53", ""]	38
["co", "53", "011"]	5
["co", "53", "033"]	18
["co", "53", "057"]	6
["co", "53", "075"]	4
["co", "55", ""]	14
["co", "55", "079"]	4
["co", "55", "133"]	4
["cr0sstheline", "", ""]	3
["cr0sstheline", "27", ""]	3
["cr0sstheline", "27", "053"]	3
["cream", "", ""]	3
["crew", "", ""]	6
["crick", "", ""]	3
["crick", "05", ""]	3
["crick", "05", "009"]	3
["crismontyy", "", ""]	3
["crismontyy", "48", ""]	3
["crismontyy", "48", "029"]	3
["cut", "", ""]	4
["cut", "06", ""]	3
["d", "", ""]	3
["damn", "", ""]	3
["dance", "", ""]	3
["day", "", ""]	21
["days", "", ""]	8
["days", "06", ""]	5
["days", "06", "037"]	3
["day", "06", ""]	9
["day", "06", "037"]	5
["de", "", ""]	9
["death", "", ""]	3
["deep", "", ""]	3
["details", "", ""]	6
["de", "06", ""]	5
["de", "06", "037"]	5
["diabetes", "", ""]	10
["diabetes", "36", ""]	10
["diabetes", "36", "061"]	10
["diabetic", "", ""]	10
["diabetic", "36", ""]	10
["diabetic", "36", "061"]	10
["did", "", ""]	10
["did", "06", ""]	5
["did", "06", "037"]	4
["do", "", ""]	21
["does", "", ""]	4
["dog", "", ""]	3
["dog", "06", ""]	3
["doing", "", ""]	8
["doing", "06", ""]	3
["doing", "22", ""]	3
["doing", "22", "071"]	3
["don", "", ""]	13
["don", "06", ""]	3
["down", "", ""]	12
["downtown", "", ""]	3
["down", "12", ""]	3
["down", "48", ""]	3
["do", "06", ""]	3
["do", "36", ""]	4
["do", "36", "103"]	3
["do", "49", ""]	4
["do", "49", "053"]	4
["dream", "", ""]	3
["dreams", "", ""]	3
["dreams", "06", ""]	3
["dreams", "06", "037"]	3
["driver", "", ""]	4
["dumb", "", ""]	3
["eBay", "", ""]	10
["eBay", "12", ""]	10
["eBay", "12", "095"]	10
["earthquake", "", ""]	13
["earthquake", "06", ""]	12
["earthquake", "06", "071"]	5
["east", "", ""]	4
["easter", "", ""]	13
["eastersunday", "", ""]	3
["easter", "06", ""]	5
["ebbtideapp", "", ""]	10
["effect", "", ""]	4
["egg", "", ""]	5
["eggs", "", ""]	5
["el", "", ""]	8
["else", "", ""]	5
["el", "06", ""]	5
["el", "06", "037"]	3
["en", "", ""]	5
["even", "", ""]	6
["ever", "", ""]	10
["every", "", ""]	6
["everyone", "", ""]	7
["everything", "", ""]	3
["ever", "13", ""]	3
["ever", "13", "121"]	3
["exhausted", "", ""]	3
["family", "", ""]	6
["famouslasvegas", "", ""]	6
["famouslasvegas", "32", ""]	6
["famouslasvegas", "32", "003"]	6
["favorite", "", ""]	6
["favorite", "06", ""]	4
["feel", "", ""]	5
["feel", "27", ""]	3
["feel", "27", "053"]	3
["filled", "", ""]	4
["film", "", ""]	4
["find", "", ""]	4
["fine", "", ""]	3
["fire", "", ""]	3
["first", "", ""]	6
["first", "06", ""]	3
["fish", "", ""]	6
["fishin", "", ""]	3
["fishin", "05", ""]	3
["fishin", "05", "009"]	3
["fish", "05", ""]	3
["fish", "05", "009"]	3
["fish", "06", ""]	3
["fish", "06", "075"]	3
["fit", "", ""]	22
["fit", "12", ""]	5
["fit", "12", "103"]	3
["fit", "51", ""]	3
["flight", "", ""]	5
["fly", "", ""]	3
["follow", "", ""]	3
["food", "", ""]	5
["food", "06", ""]	3
["for", "", ""]	159
["form", "", ""]	4
["form", "06", ""]	3
["form", "06", "075"]	3
["for", "06", ""]	26
["for", "06", "037"]	14
["for", "06", "059"]	3
["for", "11", ""]	8
["for", "11", "001"]	8
["for", "12", ""]	16
["for", "12", "086"]	3
["for", "13", ""]	3
["for", "17", ""]	4
["for", "19", ""]	4
["for", "25", ""]	9
["for", "25", "017"]	8
["for", "32", ""]	8
["for", "32", "003"]	8
["for", "34", ""]	3
["for", "36", ""]	4
["for", "37", ""]	6
["for", "37", "119"]	3
["for", "39", ""]	7
["for", "39", "049"]	4
["for", "42", ""]	5
["for", "45", ""]	3
["for", "48", ""]	15
["for", "48", "113"]	3
["for", "48", "453"]	3
["for", "49", ""]	4
["for", "51", ""]	5
["for", "53", ""]	3
["found", "", ""]	5
["found", "55", ""]	3
["found", "55", "133"]	3
["free", "", ""]	8
["free", "32", ""]	4
["free", "32", "003"]	4
["fresh", "", ""]	3
["friend", "", ""]	3
["friends", "", ""]	11
["friends", "06", ""]	5
["from", "", ""]	44
["from", "06", ""]	15
["from", "06", "037"]	9
["from", "06", "065"]	3
["from", "36", ""]	6
["from", "36", "061"]	3
["from", "48", ""]	7
["from", "48", "201"]	3
["fuck", "", ""]	4
["fun", "", ""]	11
["fun", "05", ""]	3
["fun", "05", "009"]	3
["fun", "06", ""]	3
["get", "", ""]	22
["get", "06", ""]	5
["get", "06", "037"]	3
["get", "36", ""]	3
["get", "45", ""]	3
["get", "48", ""]	3
["girl", "", ""]	6
["girls", "", ""]	3
["glass", "", ""]	3
["glass", "55", ""]	3
["glass", "55", "133"]	3
["go", "", ""]	10
["going", "", ""]	9
["good", "", ""]	14
["goodmorning", "", ""]	3
["goodnight", "", ""]	3
["good", "06", ""]	4
["got", "", ""]	13
["got", "06", ""]	4
["got", "06", "037"]	3
["got", "12", ""]	4
["go", "06", ""]	4
["go", "06", "037"]	3
["grandcanyonwest", "", ""]	13
["grandcanyonwest", "04", ""]	13
["grandcanyonwest", "04", "015"]	13
["great", "", ""]	34
["great", "06", ""]	4
["great", "12", ""]	5
["great", "12", "103"]	3
["great", "48", ""]	3
["great", "51", ""]	3
["gt", "", ""]	18
["gt", "06", ""]	11
["gt", "06", "075"]	10
["gt", "09", ""]	4
["gt", "09", "003"]	4
["guestlist", "", ""]	3
["guestlist", "32", ""]	3
["guestlist", "32", "003"]	3
["guys", "", ""]	4
["had", "", ""]	12
["had", "06", ""]	6
["had", "06", "037"]	4
["hang", "", ""]	3
["hankrizy", "", ""]	4
["hankrizy", "36", ""]	4
["hankrizy", "36", "061"]	4
["happened", "", ""]	3
["happy", "", ""]	6
["happyeaster", "", ""]	7
["hard", "", ""]	3
["has", "", ""]	14
["hashtag", "", ""]	10
["has", "13", ""]	3
["has", "13", "127"]	3
["have", "", ""]	23
["have", "06", ""]	10
["have", "06", "037"]	4
["have", "06", "075"]	3
["having", "", ""]	5
["he", "", ""]	15
["head", "", ""]	4
["hear", "", ""]	3
["heart", "", ""]	4
["hell", "", ""]	3
["her", "", ""]	7
["here", "", ""]	36
["here", "06", ""]	5
["here", "12", ""]	5
["here", "48", ""]	3
["here", "55", ""]	3
["her", "06", ""]	3
["he", "06", ""]	7
["he", "06", "037"]	3
["he", "06", "061"]	3
["hi", "", ""]	3
["high", "", ""]	3
["him", "", ""]	5
["hiphop", "", ""]	3
["hiring", "", ""]	33
["hiring", "06", ""]	3
["hiring", "12", ""]	5
["hiring", "42", ""]	3
["hiring", "48", ""]	8
["his", "", ""]	14
["his", "06", ""]	7
["his", "06", "075"]	5
["home", "", ""]	14
["home", "48", ""]	3
["hours", "", ""]	11
["hours", "06", ""]	3
["house", "", ""]	4
["how", "", ""]	10
["how", "06", ""]	5
["https", "", ""]	1525
["https", "01", ""]	5
["https", "04", ""]	40
["https", "04", "013"]	16
["https", "04", "015"]	17
["https", "04", "019"]	5
["https", "05", ""]	10
["https", "05", "009"]	3
["https", "06", ""]	412
["https", "06", "001"]	9
["https", "06", "019"]	4
["https", "06", "029"]	3
["https", "06", "037"]	158
["https", "06", "043"]	10
["https", "06", "053"]	5
["https", "06", "059"]	22
["https", "06", "065"]	15
["https", "06", "067"]	4
["https", "06", "071"]	13
["https", "06", "073"]	14
["https", "06", "075"]	121
["https", "06", "079"]	3
["https", "06", "081"]	5
["https", "06", "085"]	5
["https", "06", "111"]	4
["https", "08", ""]	12
["https", "08", "031"]	12
["https", "09", ""]	6
["https", "11", ""]	39
["https", "11", "001"]	39
["https", "12", ""]	125
["https", "12", "011"]	12
["https", "12", "031"]	8
["https", "12", "057"]	7
["https", "12", "086"]	30
["https", "12", "095"]	31
["https", "12", "097"]	5
["https", "12", "099"]	3
["https", "12", "103"]	8
["https", "13", ""]	34
["https", "13", "121"]	19
["https", "13", "127"]	3
["https", "13", "135"]	3
["https", "17", ""]	39
["https", "17", "031"]	25
["https", "17", "043"]	6
["https", "17", "201"]	3
["https", "18", ""]	13
["https", "18", "097"]	12
["https", "19", ""]	10
["https", "19", "049"]	3
["https", "20", ""]	12
["https", "20", "075"]	5
["https", "20", "091"]	3
["https", "21", ""]	6
["https", "22", ""]	28
["https", "22", "033"]	3
["https", "22", "071"]	6
["https", "22", "105"]	3
["https", "22", "113"]	6
["https", "23", ""]	5
["https", "24", ""]	22
["https", "24", "005"]	3
["https", "24", "033"]	7
["https", "25", ""]	35
["https", "25", "013"]	3
["https", "25", "017"]	26
["https", "26", ""]	15
["https", "26", "163"]	10
["https", "27", ""]	13
["https", "27", "053"]	7
["https", "28", ""]	3
["https", "29", ""]	10
["https", "29", "095"]	6
["https", "32", ""]	71
["https", "32", "003"]	67
["https", "34", ""]	39
["https", "34", "003"]	7
["https", "34", "013"]	16
["https", "34", "017"]	5
["https", "34", "025"]	4
["https", "34", "039"]	3
["https", "35", ""]	5
["https", "35", "055"]	3
["https", "36", ""]	119
["https", "36", "001"]	4
["https", "36", "005"]	5
["https", "36", "029"]	3
["https", "36", "047"]	17
["https", "36", "059"]	5
["https", "36", "061"]	66
["https", "36", "081"]	13
["https", "37", ""]	34
["https", "37", "081"]	12
["https", "37", "119"]	6
["https", "37", "183"]	3
["https", "39", ""]	35
["https", "39", "035"]	18
["https", "39", "049"]	8
["https", "39", "095"]	3
["https", "40", ""]	8
["https", "40", "109"]	4
["https", "41", ""]	32
["https", "41", "005"]	4
["https", "41", "017"]	4
["https", "41", "051"]	20
["https", "42", ""]	50
["https", "42", "003"]	25
["https", "42", "019"]	4
["https", "42", "029"]	4
["https", "42", "101"]	7
["https", "45", ""]	15
["https", "45", "019"]	6
["https", "47", ""]	10
["https", "47", "037"]	8
["https", "48", ""]	117
["https", "48", "029"]	4
["https", "48", "041"]	3
["https", "48", "085"]	4
["https", "48", "113"]	22
["https", "48", "121"]	5
["https", "48", "167"]	3
["https", "48", "201"]	23
["https", "48", "215"]	3
["https", "48", "439"]	10
["https", "48", "453"]	19
["https", "49", ""]	7
["https", "49", "035"]	6
["https", "51", ""]	25
["https", "51", "013"]	4
["https", "51", "155"]	4
["https", "53", ""]	38
["https", "53", "011"]	5
["https", "53", "033"]	18
["https", "53", "057"]	6
["https", "53", "075"]	4
["https", "55", ""]	14
["https", "55", "079"]	4
["https", "55", "133"]	4
["huge", "", ""]	4
["huge", "55", ""]	3
["huge", "55", "133"]	3
["i", "", ""]	5
["iPad", "", ""]	3
["iPhone", "", ""]	4
["iamphifer", "", ""]	3
["iamphifer", "36", ""]	3
["iamphifer", "36", "081"]	3
["if", "", ""]	10
["if", "06", ""]	4
["if", "27", ""]	3
["if", "27", "053"]	3
["in", "", ""]	357
["inches", "", ""]	3
["into", "", ""]	7
["in", "04", ""]	6
["in", "04", "013"]	4
["in", "06", ""]	74
["in", "06", "037"]	21
["in", "06", "057"]	24
["in", "06", "059"]	5
["in", "06", "065"]	3
["in", "06", "067"]	3
["in", "06", "075"]	9
["in", "08", ""]	4
["in", "08", "031"]	4
["in", "11", ""]	11
["in", "11", "001"]	11
["in", "12", ""]	19
["in", "12", "057"]	3
["in", "12", "095"]	3
["in", "13", ""]	14
["in", "13", "121"]	3
["in", "13", "135"]	9
["in", "17", ""]	12
["in", "17", "031"]	8
["in", "18", ""]	7
["in", "18", "097"]	5
["in", "21", ""]	8
["in", "21", "137"]	4
["in", "22", ""]	8
["in", "23", ""]	4
["in", "24", ""]	8
["in", "25", ""]	10
["in", "25", "017"]	8
["in", "26", ""]	6
["in", "26", "163"]	4
["in", "27", ""]	3
["in", "28", ""]	6
["in", "28", "037"]	4
["in", "29", ""]	5
["in", "29", "095"]	3
["in", "32", ""]	13
["in", "32", "003"]	13
["in", "34", ""]	7
["in", "34", "025"]	5
["in", "36", ""]	20
["in", "36", "047"]	4
["in", "36", "061"]	7
["in", "37", ""]	9
["in", "39", ""]	8
["in", "39", "035"]	4
["in", "41", ""]	12
["in", "41", "051"]	3
["in", "42", ""]	8
["in", "45", ""]	5
["in", "45", "019"]	3
["in", "47", ""]	3
["in", "47", "037"]	3
["in", "48", ""]	27
["in", "48", "029"]	3
["in", "48", "187"]	4
["in", "48", "453"]	6
["in", "50", ""]	3
["in", "50", "007"]	3
["in", "51", ""]	8
["in", "51", "013"]	3
["in", "53", ""]	6
["in", "53", "033"]	3
["in", "55", ""]	4
["iowaflood", "", ""]	5
["iowaflood", "19", ""]	3
["is", "", ""]	89
["isn", "", ""]	4
["isn", "06", ""]	3
["isn", "06", "075"]	3
["is", "06", ""]	21
["is", "06", "037"]	13
["is", "06", "075"]	6
["is", "08", ""]	5
["is", "08", "031"]	5
["is", "11", ""]	8
["is", "11", "001"]	8
["is", "13", ""]	10
["is", "13", "135"]	9
["is", "17", ""]	5
["is", "20", ""]	3
["is", "36", ""]	3
["is", "48", ""]	4
["is", "49", ""]	3
["is", "51", ""]	6
["is", "51", "550"]	3
["is", "53", ""]	3
["it", "", ""]	58
["its", "", ""]	5
["it", "04", ""]	3
["it", "04", "013"]	3
["it", "06", ""]	18
["it", "06", "037"]	9
["it", "06", "073"]	3
["it", "06", "075"]	3
["it", "13", ""]	4
["it", "36", ""]	3
["it", "42", ""]	4
["it", "48", ""]	4
["it", "49", ""]	6
["it", "49", "053"]	6
["jarobiwhite", "", ""]	3
["jarobiwhite", "36", ""]	3
["jarobiwhite", "36", "081"]	3
["job", "", ""]	91
["job", "06", ""]	5
["job", "12", ""]	19
["job", "12", "086"]	3
["job", "12", "103"]	3
["job", "13", ""]	3
["job", "17", ""]	5
["job", "17", "031"]	3
["job", "22", ""]	3
["job", "25", ""]	7
["job", "25", "017"]	7
["job", "37", ""]	4
["job", "37", "119"]	3
["job", "42", ""]	4
["job", "45", ""]	3
["job", "48", ""]	11
["job", "51", ""]	4
["just", "", ""]	21
["just", "06", ""]	7
["just", "06", "037"]	5
["just", "11", ""]	3
["just", "11", "001"]	3
["just", "48", ""]	3
["jw", "", ""]	3
["jw", "51", ""]	3
["km", "", ""]	5
["km", "06", ""]	3
["know", "", ""]	21
["know", "06", ""]	8
["know", "06", "073"]	3
["la", "", ""]	5
["ladies", "", ""]	4
["last", "", ""]	28
["last", "06", ""]	5
["last", "06", "037"]	5
["last", "42", ""]	19
["last", "42", "003"]	19
["lasvegas", "", ""]	4
["lasvegas", "32", ""]	4
["lasvegas", "32", "003"]	4
["late", "", ""]	3
["later", "", ""]	4
["latest", "", ""]	54
["latest", "06", ""]	3
["latest", "12", ""]	6
["latest", "12", "057"]	3
["latest", "22", ""]	3
["latest", "24", ""]	3
["latest", "25", ""]	5
["latest", "25", "017"]	5
["latest", "37", ""]	4
["latest", "42", ""]	3
["latest", "48", ""]	9
["latest", "51", ""]	3
["learn", "", ""]	3
["left", "", ""]	4
["let", "", ""]	4
["level", "", ""]	4
["life", "", ""]	4
["life", "41", ""]	3
["light", "", ""]	6
["lights", "", ""]	4
["like", "", ""]	22
["like", "06", ""]	8
["like", "06", "037"]	3
["like", "06", "075"]	3
["like", "36", ""]	3
["line", "", ""]	4
["line", "27", ""]	3
["line", "27", "053"]	3
["liquidafterhours", "", ""]	3
["liquidafterhours", "48", ""]	3
["liquidafterhours", "48", "113"]	3
["listening", "", ""]	4
["lit", "", ""]	5
["little", "", ""]	7
["live", "", ""]	7
["live", "06", ""]	4
["live", "06", "037"]	3
["ll", "", ""]	10
["ll", "32", ""]	3
["ll", "32", "003"]	3
["lol", "", ""]	10
["lol", "48", ""]	4
["lol", "48", "029"]	3
["long", "", ""]	5
["long", "06", ""]	3
["look", "", ""]	5
["looking", "", ""]	6
["looking", "06", ""]	3
["losangeles", "", ""]	6
["losangeles", "06", ""]	6
["losangeles", "06", "037"]	6
["lot", "", ""]	4
["love", "", ""]	23
["lovely", "", ""]	3
["love", "05", ""]	3
["love", "05", "009"]	3
["love", "06", ""]	5
["love", "06", "037"]	3
["lt", "", ""]	11
["lt", "06", ""]	10
["lt", "06", "075"]	10
["lustny_", "", ""]	7
["lustny_", "36", ""]	7
["lustny_", "36", "047"]	7
["m", "", ""]	68
["ma", "", ""]	5
["made", "", ""]	4
["magnitude", "", ""]	6
["magnitude", "06", ""]	6
["magnitude", "06", "071"]	3
["make", "", ""]	4
["man", "", ""]	10
["mangoscafe", "", ""]	4
["mangoscafe", "39", ""]	4
["mangoscafe", "39", "049"]	4
["many", "", ""]	5
["many", "06", ""]	3
["man", "06", ""]	4
["matter", "", ""]	3
["maybe", "", ""]	3
["me", "", ""]	39
["mention", "", ""]	4
["mention", "11", ""]	4
["mention", "11", "001"]	4
["menu", "", ""]	15
["menu", "17", ""]	3
["meters", "", ""]	5
["meters", "20", ""]	5
["meters", "20", "075"]	5
["me", "06", ""]	7
["me", "06", "037"]	4
["me", "06", "073"]	3
["me", "17", ""]	3
["me", "32", ""]	3
["me", "32", "003"]	3
["me", "36", ""]	9
["me", "36", "103"]	7
["me", "48", ""]	3
["mi", "", ""]	12
["miami", "", ""]	4
["miami", "12", ""]	4
["might", "", ""]	8
["might", "12", ""]	3
["miss", "", ""]	3
["mist", "", ""]	6
["mist", "06", ""]	3
["mi", "06", ""]	3
["mi", "12", ""]	7
["mi", "12", "097"]	4
["monday", "", ""]	3
["more", "", ""]	13
["more", "06", ""]	5
["morning", "", ""]	16
["morning", "06", ""]	3
["morning", "12", ""]	3
["morning", "36", ""]	3
["most", "", ""]	6
["mother", "", ""]	3
["moved", "", ""]	6
["moved", "20", ""]	5
["moved", "20", "075"]	5
["movie", "", ""]	4
["movie", "06", ""]	3
["mph", "", ""]	79
["mph", "06", ""]	17
["mph", "06", "057"]	12
["mph", "37", ""]	16
["mph", "37", "101"]	16
["mph", "48", ""]	10
["mph", "48", "187"]	4
["mph", "55", ""]	4
["much", "", ""]	11
["much", "06", ""]	5
["much", "06", "037"]	3
["much", "48", ""]	3
["multiply", "", ""]	3
["multiply", "06", ""]	3
["multiply", "06", "075"]	3
["music", "", ""]	6
["music", "48", ""]	3
["my", "", ""]	79
["myself", "", ""]	4
["my", "06", ""]	29
["my", "06", "037"]	18
["my", "06", "075"]	4
["my", "08", ""]	5
["my", "08", "031"]	5
["my", "36", ""]	5
["my", "36", "061"]	4
["my", "39", ""]	3
["my", "39", "035"]	3
["my", "48", ""]	6
["my", "49", ""]	4
["my", "49", "053"]	4
["m", "06", ""]	13
["m", "06", "037"]	7
["m", "06", "059"]	3
["m", "09", ""]	5
["m", "09", "003"]	3
["m", "12", ""]	5
["m", "24", ""]	4
["m", "32", ""]	4
["m", "32", "003"]	4
["m", "48", ""]	8
["n", "", ""]	6
["national", "", ""]	5
["near", "", ""]	21
["near", "12", ""]	3
["near", "18", ""]	3
["near", "18", "097"]	3
["need", "", ""]	11
["needs", "", ""]	6
["needs", "39", ""]	4
["needs", "39", "049"]	4
["need", "06", ""]	4
["need", "06", "037"]	3
["never", "", ""]	5
["new", "", ""]	7
["newyork", "", ""]	3
["newyork", "36", ""]	3
["newyork", "36", "061"]	3
["new", "06", ""]	3
["next", "", ""]	6
["nice", "", ""]	4
["night", "", ""]	55
["night", "04", ""]	4
["night", "05", ""]	3
["night", "05", "009"]	3
["night", "06", ""]	14
["night", "06", "037"]	6
["night", "06", "065"]	3
["night", "42", ""]	19
["night", "42", "003"]	19
["night", "48", ""]	7
["night", "48", "453"]	3
["no", "", ""]	13
["noche", "", ""]	3
["northeast", "", ""]	4
["not", "", ""]	15
["not", "06", ""]	3
["now", "", ""]	34
["nowplaying", "", ""]	9
["nowplaying", "13", ""]	9
["nowplaying", "13", "135"]	9
["now", "06", ""]	8
["now", "06", "037"]	4
["now", "39", ""]	9
["now", "39", "035"]	9
["now", "48", ""]	6
["no", "06", ""]	5
["no", "06", "037"]	3
["nyc", "", ""]	7
["nyc", "36", ""]	7
["nyc", "36", "061"]	5
["n", "05", ""]	3
["n", "05", "009"]	3
["ocso", "", ""]	10
["ocso", "12", ""]	10
["ocso", "12", "095"]	10
["of", "", ""]	142
["off", "", ""]	7
["of", "04", ""]	4
["of", "04", "015"]	3
["of", "06", ""]	48
["of", "06", "037"]	15
["of", "06", "071"]	4
["of", "06", "073"]	3
["of", "06", "075"]	13
["of", "08", ""]	3
["of", "08", "031"]	3
["of", "11", ""]	5
["of", "11", "001"]	5
["of", "12", ""]	7
["of", "12", "095"]	3
["of", "22", ""]	4
["of", "22", "071"]	3
["of", "27", ""]	4
["of", "27", "053"]	3
["of", "32", ""]	3
["of", "36", ""]	4
["of", "39", ""]	3
["of", "42", ""]	6
["of", "48", ""]	12
["of", "48", "029"]	3
["of", "49", ""]	7
["of", "49", "053"]	5
["of", "53", ""]	6
["of", "53", "053"]	3
["of", "55", ""]	4
["of", "55", "133"]	3
["on", "", ""]	89
["one", "", ""]	19
["one", "06", ""]	9
["one", "06", "037"]	4
["only", "", ""]	5
["only", "06", ""]	3
["only", "06", "037"]	3
["on", "06", ""]	23
["on", "06", "037"]	5
["on", "06", "071"]	3
["on", "06", "073"]	3
["on", "06", "075"]	3
["on", "09", ""]	3
["on", "11", ""]	4
["on", "11", "001"]	4
["on", "12", ""]	5
["on", "13", ""]	12
["on", "13", "121"]	3
["on", "13", "135"]	9
["on", "18", ""]	3
["on", "18", "097"]	3
["on", "39", ""]	10
["on", "39", "035"]	9
["on", "48", ""]	3
["opd", "", ""]	9
["opd", "12", ""]	9
["opd", "12", "095"]	9
["open", "", ""]	6
["opening", "", ""]	42
["opening", "12", ""]	6
["opening", "12", "057"]	3
["opening", "24", ""]	3
["opening", "25", ""]	4
["opening", "25", "017"]	4
["opening", "37", ""]	4
["opening", "42", ""]	3
["opening", "48", ""]	6
["or", "", ""]	15
["orlpol", "", ""]	19
["orlpol", "12", ""]	19
["orlpol", "12", "095"]	19
["or", "06", ""]	4
["or", "06", "037"]	3
["or", "49", ""]	3
["or", "49", "053"]	3
["other", "", ""]	4
["our", "", ""]	61
["our", "06", ""]	6
["our", "06", "081"]	3
["our", "12", ""]	8
["our", "12", "057"]	3
["our", "22", ""]	3
["our", "24", ""]	3
["our", "25", ""]	5
["our", "25", "017"]	5
["our", "37", ""]	4
["our", "42", ""]	4
["our", "48", ""]	11
["our", "51", ""]	3
["out", "", ""]	26
["out", "06", ""]	8
["out", "06", "037"]	4
["out", "12", ""]	7
["over", "", ""]	10
["over", "06", ""]	4
["own", "", ""]	3
["parties", "", ""]	3
["party", "", ""]	4
["pdt", "", ""]	3
["people", "", ""]	9
["people", "06", ""]	4
["performance", "", ""]	3
["phone", "", ""]	4
["phone", "06", ""]	3
["phone", "06", "037"]	3
["photo", "", ""]	34
["photooftheday", "", ""]	3
["photos", "", ""]	3
["photo", "12", ""]	5
["photo", "12", "097"]	3
["photo", "32", ""]	3
["photo", "32", "003"]	3
["photo", "34", ""]	3
["photo", "36", ""]	3
["photo", "39", ""]	3
["photo", "39", "035"]	3
["photo", "53", ""]	6
["photo", "53", "057"]	6
["place", "", ""]	14
["place", "06", ""]	3
["place", "48", ""]	3
["play", "", ""]	3
["playing", "", ""]	4
["post", "", ""]	4
["posted", "", ""]	35
["posted", "12", ""]	5
["posted", "12", "097"]	3
["posted", "32", ""]	3
["posted", "32", "003"]	3
["posted", "36", ""]	4
["posted", "39", ""]	3
["posted", "39", "035"]	3
["posted", "48", ""]	3
["posted", "53", ""]	6
["posted", "53", "057"]	6
["professional", "", ""]	5
["put", "", ""]	4
["quake", "", ""]	7
["quake", "06", ""]	6
["que", "", ""]	3
["r0bt3k", "", ""]	4
["r0bt3k", "06", ""]	4
["r0bt3k", "06", "075"]	4
["re", "", ""]	44
["ready", "", ""]	4
["real", "", ""]	9
["really", "", ""]	5
["real", "06", ""]	5
["real", "06", "037"]	3
["recommend", "", ""]	26
["recommend", "12", ""]	7
["recommend", "25", ""]	3
["recommend", "25", "017"]	3
["recommend", "37", ""]	3
["remember", "", ""]	3
["reports", "", ""]	14
["reports", "06", ""]	7
["repostplus", "", ""]	8
["repostplus", "32", ""]	8
["repostplus", "32", "003"]	8
["repostregramapp", "", ""]	6
["repostregramapp", "06", ""]	6
["repostregramapp", "06", "037"]	6
["restaurantlife", "", ""]	6
["re", "06", ""]	9
["re", "06", "075"]	3
["re", "12", ""]	7
["re", "42", ""]	3
["re", "48", ""]	9
["ride", "", ""]	3
["right", "", ""]	4
["risen", "", ""]	4
["run", "", ""]	7
["s", "", ""]	103
["said", "", ""]	4
["said", "06", ""]	3
["sauce", "", ""]	4
["say", "", ""]	4
["saying", "", ""]	4
["says", "", ""]	3
["see", "", ""]	10
["seen", "", ""]	3
["see", "06", ""]	6
["sefijaonline", "", ""]	5
["sefijaonline", "06", ""]	5
["sefijaonline", "06", "037"]	5
["selection", "", ""]	3
["selection", "55", ""]	3
["selection", "55", "133"]	3
["selfie", "", ""]	5
["selfie", "06", ""]	3
["senko", "", ""]	6
["senko", "05", ""]	6
["senko", "05", "009"]	6
["served", "", ""]	4
["service", "", ""]	6
["set", "", ""]	3
["she", "", ""]	4
["shells", "", ""]	4
["shells", "06", ""]	3
["shells", "06", "037"]	3
["shit", "", ""]	13
["shit", "06", ""]	7
["shit", "06", "037"]	4
["shot", "", ""]	3
["show", "", ""]	6
["show", "06", ""]	3
["since", "", ""]	7
["single", "", ""]	4
["sky", "", ""]	6
["sleep", "", ""]	7
["sleepy", "", ""]	4
["slowly", "", ""]	24
["slowly", "21", ""]	4
["slowly", "21", "137"]	3
["slowly", "48", ""]	5
["slowly", "48", "187"]	4
["slowly", "54", ""]	3
["slowly", "54", "029"]	3
["so", "", ""]	28
["some", "", ""]	12
["something", "", ""]	4
["some", "06", ""]	4
["some", "06", "037"]	4
["sonyimages", "", ""]	4
["sonyimages", "53", ""]	4
["sonyimages", "53", "033"]	4
["sounds", "", ""]	3
["south", "", ""]	7
["south", "48", ""]	4
["so", "06", ""]	15
["so", "06", "037"]	9
["so", "06", "075"]	3
["so", "48", ""]	3
["spicollective", "", ""]	4
["spicollective", "53", ""]	4
["spicollective", "53", "033"]	4
["spring", "", ""]	7
["spring", "11", ""]	3
["spring", "11", "001"]	3
["stained", "", ""]	3
["stained", "55", ""]	3
["stained", "55", "133"]	3
["start", "", ""]	5
["started", "", ""]	5
["started", "11", ""]	3
["started", "11", "001"]	3
["stay", "", ""]	3
["still", "", ""]	12
["still", "06", ""]	4
["stormbreakerpdx", "", ""]	22
["stormbreakerpdx", "41", ""]	22
["stormbreakerpdx", "41", "051"]	22
["street", "", ""]	6
["streetphotographer", "", ""]	4
["streetphotographer", "53", ""]	4
["streetphotographer", "53", "033"]	4
["streetphotography", "", ""]	4
["streetphotography", "53", ""]	4
["streetphotography", "53", "033"]	4
["street", "53", ""]	4
["street", "53", "033"]	4
["super", "", ""]	5
["superman", "", ""]	4
["superman", "06", ""]	3
["super", "55", ""]	3
["super", "55", "133"]	3
["sure", "", ""]	3
["s", "04", ""]	4
["s", "04", "013"]	3
["s", "06", ""]	20
["s", "06", "037"]	11
["s", "06", "059"]	3
["s", "06", "073"]	3
["s", "12", ""]	5
["s", "13", ""]	3
["s", "13", "121"]	3
["s", "17", ""]	5
["s", "17", "031"]	3
["s", "21", ""]	3
["s", "24", ""]	3
["s", "24", "033"]	3
["s", "27", ""]	3
["s", "27", "053"]	3
["s", "32", ""]	6
["s", "32", "003"]	6
["s", "36", ""]	9
["s", "36", "061"]	3
["s", "36", "103"]	3
["s", "39", ""]	4
["s", "39", "049"]	4
["s", "42", ""]	3
["s", "48", ""]	10
["s", "49", ""]	4
["s", "49", "053"]	4
["s", "55", ""]	3
["s", "55", "133"]	3
["t", "", ""]	1575
["t1d", "", ""]	10
["t1d", "36", ""]	10
["t1d", "36", "061"]	10
["take", "", ""]	5
["taking", "", ""]	3
["tap", "", ""]	10
["tap", "39", ""]	9
["tap", "39", "035"]	9
["team", "", ""]	11
["tell", "", ""]	3
["than", "", ""]	4
["thank", "", ""]	4
["thanks", "", ""]	6
["that", "", ""]	34
["that", "06", ""]	12
["that", "06", "037"]	5
["that", "06", "075"]	4
["that", "13", ""]	3
["that", "13", "121"]	3
["that", "37", ""]	3
["that", "49", ""]	3
["the", "", ""]	235
["their", "", ""]	4
["them", "", ""]	10
["then", "", ""]	3
["there", "", ""]	10
["there", "06", ""]	4
["there", "06", "075"]	3
["these", "", ""]	6
["these", "06", ""]	3
["they", "", ""]	11
["they", "06", ""]	6
["they", "12", ""]	3
["the", "04", ""]	3
["the", "04", "015"]	3
["the", "05", ""]	4
["the", "05", "009"]	3
["the", "06", ""]	69
["the", "06", "001"]	3
["the", "06", "037"]	31
["the", "06", "059"]	5
["the", "06", "065"]	5
["the", "06", "073"]	4
["the", "06", "075"]	11
["the", "06", "111"]	3
["the", "11", ""]	4
["the", "11", "001"]	4
["the", "12", ""]	17
["the", "12", "086"]	3
["the", "12", "095"]	3
["the", "13", ""]	9
["the", "13", "121"]	4
["the", "17", ""]	4
["the", "18", ""]	4
["the", "18", "097"]	4
["the", "22", ""]	5
["the", "22", "071"]	4
["the", "24", ""]	4
["the", "25", ""]	4
["the", "25", "017"]	4
["the", "26", ""]	4
["the", "27", ""]	7
["the", "27", "053"]	6
["the", "32", ""]	5
["the", "32", "003"]	5
["the", "36", ""]	13
["the", "36", "061"]	7
["the", "37", ""]	3
["the", "39", ""]	4
["the", "41", ""]	3
["the", "42", ""]	8
["the", "47", ""]	4
["the", "48", ""]	18
["the", "48", "029"]	5
["the", "48", "201"]	3
["the", "48", "453"]	5
["the", "49", ""]	8
["the", "49", "053"]	6
["the", "51", ""]	7
["the", "53", ""]	6
["the", "53", "033"]	3
["thing", "", ""]	7
["things", "", ""]	6
["think", "", ""]	4
["this", "", ""]	75
["this", "06", ""]	14
["this", "06", "001"]	4
["this", "06", "059"]	5
["this", "12", ""]	11
["this", "12", "086"]	3
["this", "17", ""]	3
["this", "25", ""]	3
["this", "25", "017"]	3
["this", "36", ""]	5
["this", "37", ""]	3
["this", "39", ""]	3
["this", "45", ""]	4
["this", "48", ""]	7
["those", "", ""]	3
["through", "", ""]	4
["thru", "", ""]	3
["time", "", ""]	22
["times", "", ""]	6
["time", "06", ""]	9
["time", "06", "037"]	3
["time", "49", ""]	3
["time", "49", "053"]	3
["tlc", "", ""]	5
["tlcDrummer", "", ""]	5
["tlcDrummer", "34", ""]	5
["tlcDrummer", "34", "013"]	5
["tlcarmy", "", ""]	5
["tlcarmy", "34", ""]	5
["tlcarmy", "34", "013"]	5
["tlc", "34", ""]	5
["tlc", "34", "013"]	5
["to", "", ""]	232
["today", "", ""]	56
["today", "06", ""]	15
["today", "06", "057"]	12
["today", "28", ""]	3
["today", "48", ""]	7
["today", "48", "187"]	4
["today", "54", ""]	3
["today", "54", "029"]	3
["tomb", "", ""]	3
["tonight", "", ""]	16
["tonight", "06", ""]	5
["tonight", "06", "037"]	4
["too", "", ""]	9
["took", "", ""]	11
["too", "06", ""]	4
["to", "01", ""]	5
["to", "04", ""]	4
["to", "04", "013"]	3
["to", "06", ""]	53
["to", "06", "001"]	5
["to", "06", "037"]	20
["to", "06", "061"]	3
["to", "06", "073"]	6
["to", "06", "075"]	10
["to", "12", ""]	11
["to", "12", "095"]	3
["to", "13", ""]	5
["to", "17", ""]	6
["to", "17", "031"]	4
["to", "22", ""]	6
["to", "25", ""]	10
["to", "25", "017"]	8
["to", "26", ""]	5
["to", "26", "161"]	4
["to", "29", ""]	3
["to", "32", ""]	7
["to", "32", "003"]	7
["to", "34", ""]	5
["to", "34", "013"]	4
["to", "35", ""]	3
["to", "36", ""]	11
["to", "36", "061"]	6
["to", "37", ""]	7
["to", "39", ""]	7
["to", "39", "035"]	3
["to", "39", "151"]	3
["to", "41", ""]	4
["to", "42", ""]	9
["to", "42", "019"]	3
["to", "45", ""]	4
["to", "45", "079"]	3
["to", "47", ""]	3
["to", "48", ""]	24
["to", "48", "113"]	3
["to", "48", "201"]	8
["to", "48", "453"]	3
["to", "49", ""]	7
["to", "49", "053"]	5
["to", "51", ""]	7
["to", "53", ""]	7
["to", "53", "033"]	3
["to", "54", ""]	3
["to", "54", "039"]	3
["to", "55", ""]	4
["traffic", "", ""]	6
["travel", "", ""]	3
["tree", "", ""]	5
["tree", "06", ""]	5
["tree", "06", "075"]	4
["trending", "", ""]	3
["trending", "11", ""]	3
["trending", "11", "001"]	3
["trends", "", ""]	11
["trends", "11", ""]	11
["trends", "11", "001"]	11
["trip", "", ""]	4
["trndnl", "", ""]	39
["trndnl", "06", ""]	3
["trndnl", "11", ""]	23
["trndnl", "11", "001"]	23
["trndnl", "42", ""]	3
["truckers", "", ""]	3
["true", "", ""]	3
["truth", "", ""]	4
["turn", "", ""]	4
["tweet", "", ""]	3
["tweets", "", ""]	5
["tweets", "11", ""]	5
["tweets", "11", "001"]	5
["two", "", ""]	5
["two", "06", ""]	5
["two", "06", "075"]	3
["type1diabetes", "", ""]	10
["type1diabetes", "36", ""]	10
["type1diabetes", "36", "061"]	10
["t", "01", ""]	5
["t", "04", ""]	40
["t", "04", "013"]	16
["t", "04", "015"]	17
["t", "04", "019"]	5
["t", "05", ""]	10
["t", "05", "009"]	3
["t", "06", ""]	433
["t", "06", "001"]	11
["t", "06", "019"]	4
["t", "06", "029"]	3
["t", "06", "037"]	164
["t", "06", "043"]	10
["t", "06", "053"]	5
["t", "06", "059"]	22
["t", "06", "065"]	15
["t", "06", "067"]	4
["t", "06", "071"]	13
["t", "06", "073"]	17
["t", "06", "075"]	131
["t", "06", "079"]	3
["t", "06", "081"]	5
["t", "06", "085"]	5
["t", "06", "111"]	4
["t", "08", ""]	12
["t", "08", "031"]	12
["t", "09", ""]	6
["t", "11", ""]	39
["t", "11", "001"]	39
["t", "12", ""]	125
["t", "12", "011"]	12
["t", "12", "031"]	8
["t", "12", "057"]	7
["t", "12", "086"]	30
["t", "12", "095"]	31
["t", "12", "097"]	5
["t", "12", "099"]	3
["t", "12", "103"]	8
["t", "13", ""]	35
["t", "13", "121"]	19
["t", "13", "127"]	3
["t", "13", "135"]	4
["t", "17", ""]	39
["t", "17", "031"]	25
["t", "17", "043"]	6
["t", "17", "201"]	3
["t", "18", ""]	13
["t", "18", "097"]	12
["t", "19", ""]	10
["t", "19", "049"]	3
["t", "20", ""]	12
["t", "20", "075"]	5
["t", "20", "091"]	3
["t", "21", ""]	6
["t", "22", ""]	28
["t", "22", "033"]	3
["t", "22", "071"]	6
["t", "22", "105"]	3
["t", "22", "113"]	6
["t", "23", ""]	5
["t", "24", ""]	22
["t", "24", "005"]	3
["t", "24", "033"]	7
["t", "25", ""]	37
["t", "25", "013"]	3
["t", "25", "017"]	28
["t", "26", ""]	15
["t", "26", "163"]	10
["t", "27", ""]	15
["t", "27", "053"]	9
["t", "28", ""]	4
["t", "29", ""]	11
["t", "29", "095"]	7
["t", "32", ""]	72
["t", "32", "003"]	68
["t", "34", ""]	42
["t", "34", "003"]	7
["t", "34", "013"]	17
["t", "34", "017"]	6
["t", "34", "025"]	4
["t", "34", "039"]	4
["t", "35", ""]	5
["t", "35", "055"]	3
["t", "36", ""]	124
["t", "36", "001"]	4
["t", "36", "005"]	5
["t", "36", "029"]	3
["t", "36", "047"]	18
["t", "36", "059"]	5
["t", "36", "061"]	67
["t", "36", "081"]	14
["t", "36", "103"]	4
["t", "37", ""]	35
["t", "37", "081"]	12
["t", "37", "119"]	6
["t", "37", "183"]	3
["t", "39", ""]	35
["t", "39", "035"]	18
["t", "39", "049"]	8
["t", "39", "095"]	3
["t", "40", ""]	8
["t", "40", "109"]	4
["t", "41", ""]	32
["t", "41", "005"]	4
["t", "41", "017"]	4
["t", "41", "051"]	20
["t", "42", ""]	52
["t", "42", "003"]	25
["t", "42", "019"]	6
["t", "42", "029"]	4
["t", "42", "101"]	7
["t", "45", ""]	15
["t", "45", "019"]	6
["t", "47", ""]	10
["t", "47", "037"]	8
["t", "48", ""]	122
["t", "48", "029"]	7
["t", "48", "039"]	4
["t", "48", "041"]	3
["t", "48", "085"]	4
["t", "48", "113"]	22
["t", "48", "121"]	5
["t", "48", "167"]	3
["t", "48", "201"]	23
["t", "48", "215"]	3
["t", "48", "439"]	10
["t", "48", "453"]	19
["t", "49", ""]	9
["t", "49", "035"]	6
["t", "51", ""]	25
["t", "51", "013"]	4
["t", "51", "155"]	4
["t", "53", ""]	39
["t", "53", "011"]	5
["t", "53", "033"]	18
["t", "53", "057"]	6
["t", "53", "075"]	4
["t", "55", ""]	16
["t", "55", "079"]	5
["t", "55", "133"]	4
["u", "", ""]	18
["ultramusicfestival2016", "", ""]	4
["ultramusicfestival2016", "12", ""]	4
["ultramusicfestival2016", "12", "086"]	4
["umf", "", ""]	3
["umf", "12", ""]	3
["umf", "12", "086"]	3
["un", "", ""]	3
["up", "", ""]	34
["up", "06", ""]	9
["up", "06", "001"]	3
["up", "09", ""]	3
["up", "34", ""]	4
["up", "34", "013"]	4
["up", "48", ""]	4
["ur", "", ""]	3
["urgentcare", "", ""]	4
["us", "", ""]	9
["users", "", ""]	3
["using", "", ""]	7
["using", "06", ""]	7
["using", "06", "037"]	6
["u", "04", ""]	3
["u", "04", "013"]	3
["u", "06", ""]	3
["u", "36", ""]	9
["u", "36", "103"]	7
["v", "", ""]	20
["ve", "", ""]	8
["vegetables", "", ""]	3
["very", "", ""]	5
["vesaldi", "", ""]	5
["vesaldi", "08", ""]	5
["vesaldi", "08", "031"]	5
["via", "", ""]	8
["video", "", ""]	7
["view", "", ""]	3
["vintage", "", ""]	5
["vintage", "36", ""]	3
["vintage", "36", "081"]	3
["vs", "", ""]	5
["vs", "06", ""]	3
["v", "42", ""]	19
["v", "42", "003"]	19
["w", "", ""]	7
["wait", "", ""]	3
["wanna", "", ""]	3
["wanna", "06", ""]	3
["wanna", "06", "037"]	3
["want", "", ""]	5
["wanted", "", ""]	3
["was", "", ""]	55
["waste", "", ""]	3
["waste", "49", ""]	3
["waste", "49", "053"]	3
["was", "06", ""]	21
["was", "06", "001"]	3
["was", "06", "037"]	9
["was", "11", ""]	3
["was", "11", "001"]	3
["was", "32", ""]	3
["was", "32", "003"]	3
["was", "36", ""]	4
["was", "37", ""]	3
["was", "48", ""]	3
["watching", "", ""]	5
["watching", "06", ""]	3
["way", "", ""]	7
["way", "06", ""]	3
["we", "", ""]	20
["weather", "", ""]	14
["weather", "22", ""]	6
["weather", "22", "113"]	6
["week", "", ""]	6
["were", "", ""]	9
["were", "06", ""]	6
["were", "06", "075"]	3
["west", "", ""]	3
["we", "06", ""]	7
["we", "06", "073"]	3
["what", "", ""]	7
["when", "", ""]	17
["when", "06", ""]	7
["when", "06", "059"]	3
["when", "36", ""]	3
["where", "", ""]	4
["which", "", ""]	3
["which", "06", ""]	3
["while", "", ""]	8
["while", "06", ""]	3
["who", "", ""]	12
["whole", "", ""]	5
["who", "08", ""]	3
["who", "08", "031"]	3
["will", "", ""]	6
["wind", "", ""]	15
["window", "", ""]	3
["window", "55", ""]	3
["window", "55", "133"]	3
["wind", "06", ""]	4
["wind", "48", ""]	5
["with", "", ""]	107
["with", "04", ""]	3
["with", "04", "013"]	3
["with", "05", ""]	3
["with", "05", "009"]	3
["with", "06", ""]	28
["with", "06", "037"]	10
["with", "06", "065"]	6
["with", "06", "073"]	3
["with", "06", "075"]	4
["with", "11", ""]	4
["with", "11", "001"]	4
["with", "13", ""]	3
["with", "13", "121"]	3
["with", "17", ""]	4
["with", "17", "031"]	3
["with", "32", ""]	10
["with", "32", "003"]	10
["with", "34", ""]	3
["with", "36", ""]	4
["with", "42", ""]	19
["with", "42", "003"]	19
["with", "48", ""]	9
["words", "", ""]	6
["work", "", ""]	33
["work", "25", ""]	4
["work", "25", "017"]	4
["work", "36", ""]	4
["work", "37", ""]	3
["work", "48", ""]	6
["world", "", ""]	5
["worth", "", ""]	3
["worth", "06", ""]	3
["would", "", ""]	5
["would", "06", ""]	4
["would", "06", "037"]	3
["wvwx", "", ""]	3
["wvwx", "54", ""]	3
["wvwx", "54", "029"]	3
["w", "06", ""]	3
["w", "06", "037"]	3
["xsLdZJCTsn", "", ""]	9
["xsLdZJCTsn", "39", ""]	9
["xsLdZJCTsn", "39", "035"]	9
["y", "", ""]	6
["ya", "", ""]	6
["ya", "06", ""]	3
["ya", "06", "037"]	3
["year", "", ""]	3
["years", "", ""]	5
["years", "06", ""]	3
["yes", "", ""]	4
["yesterday", "", ""]	5
["yesterday", "06", ""]	3
["yet", "", ""]	3
["you", "", ""]	126
["your", "", ""]	36
["yours", "", ""]	3
["your", "06", ""]	9
["your", "06", "037"]	4
["your", "06", "073"]	3
["your", "27", ""]	3
["your", "27", "053"]	3
["your", "39", ""]	8
["your", "39", "049"]	8
["your", "48", ""]	4
["your", "48", "201"]	3
["you", "06", ""]	31
["you", "06", "037"]	15
["you", "06", "059"]	3
["you", "06", "073"]	7
["you", "06", "075"]	3
["you", "12", ""]	14
["you", "12", "103"]	3
["you", "13", ""]	4
["you", "17", ""]	3
["you", "25", ""]	5
["you", "25", "017"]	5
["you", "26", ""]	3
["you", "27", ""]	7
["you", "27", "053"]	6
["you", "32", ""]	5
["you", "32", "003"]	4
["you", "36", ""]	5
["you", "36", "061"]	3
["you", "37", ""]	5
["you", "42", ""]	6
["you", "42", "101"]	3
["you", "48", ""]	9
["you", "48", "453"]	3
["you", "51", ""]	3
